#
# A fatal error has been detected by the Java Runtime Environment:
#
#  Internal Error (jvmciRuntime.cpp:1609), pid=28, tid=44
#  fatal error: Fatal exception in JVMCI: Error calling jdk.vm.ci.services.Services.serializeSavedProperties
#
# JRE version: OpenJDK Runtime Environment GraalVM CE 22.3.0 (17.0.5+8) (build 17.0.5+8-jvmci-22.3-b08)
# Java VM: OpenJDK 64-Bit Server VM GraalVM CE 22.3.0 (17.0.5+8-jvmci-22.3-b08, mixed mode, sharing, tiered, jvmci, jvmci compiler, compressed oops, compressed class ptrs, parallel gc, linux-amd64)
# Problematic frame:
# V  [libjvm.so+0x972714]  JVMCIRuntime::fatal_exception(JVMCIEnv*, char const*)+0x74
#
# Core dump will be written. Default location: Core dumps may be processed with "/usr/share/apport/apport -p%p -s%s -c%c -d%d -P%P -u%u -g%g -- %E" (or dumping to /home/runner/final-project-apcsa-ryan-wu/core.28)
#
# If you would like to submit a bug report, please visit:
#   https://github.com/oracle/graal/issues
#

---------------  S U M M A R Y ------------

Command Line: -XX:ThreadPriorityPolicy=1 -XX:+UnlockExperimentalVMOptions -XX:+EnableJVMCIProduct -XX:JVMCIThreadsPerNativeLibraryRuntime=1 -XX:-UnlockExperimentalVMOptions -Declipse.application=org.eclipse.jdt.ls.core.id1 -Dosgi.bundles.defaultStartLevel=4 -Declipse.product=org.eclipse.jdt.ls.core.product -Dlog.level=ALL -Xverify:none -XX:+UseParallelGC -XX:GCTimeRatio=4 -XX:AdaptiveSizePolicyWeight=90 -Dsun.zip.disableMemoryMapping=true -Xmx512m -Xms100m /nix/store/a7s9klvriqi68xz3qjc0qyfl5h86xc16-jdt-language-server-1.9.0/share/java/plugins/org.eclipse.equinox.launcher_1.6.400.v20210924-0641.jar --add-modules=ALL-SYSTEM --add-opens java.base/java.util=ALL-UNNAMED --add-opens java.base/java.lang=ALL-UNNAMED -configuration /home/runner/final-project-apcsa-ryan-wu/.cache/jdt-language-server/config -data /home/runner/final-project-apcsa-ryan-wu/.cache/jdt-language-server/data/home/runner/final-project-apcsa-ryan-wu

Host: AMD EPYC 7B12, 8 cores, 1G, Ubuntu 20.04.2 LTS
Time: Fri Dec  8 18:28:13 2023 UTC elapsed time: 682.928560 seconds (0d 0h 11m 22s)

---------------  T H R E A D  ---------------

Current thread (0x00007f3f140b1dd0):  JavaThread "JVMCI-native CompilerThread0" daemon [_thread_in_vm, id=44, stack(0x00007f3ef941a000,0x00007f3ef961a000)]


Current CompileTask:
JVMCI-native: 682929 7166       4       org.eclipse.jdt.internal.compiler.lookup.LookupEnvironment::getTypeFromConstantPoolName (104 bytes)

Stack: [0x00007f3ef941a000,0x00007f3ef961a000],  sp=0x00007f3ef9618380,  free space=2040k
Native frames: (J=compiled Java code, j=interpreted, Vv=VM code, C=native code)
V  [libjvm.so+0x972714]  JVMCIRuntime::fatal_exception(JVMCIEnv*, char const*)+0x74
V  [libjvm.so+0x93e2fe]  JVMCIEnv::copy_saved_properties()+0x14e
V  [libjvm.so+0x9732a9]  JVMCIRuntime::initialize(JVMCIEnv*)+0xb19
V  [libjvm.so+0x9738a2]  JVMCIRuntime::get_HotSpotJVMCIRuntime(JVMCIEnv*)+0x12
V  [libjvm.so+0x9749f2]  JVMCIRuntime::compile_method(JVMCIEnv*, JVMCICompiler*, methodHandle const&, int)+0xd2
V  [libjvm.so+0x5b0d20]  CompileBroker::invoke_compiler_on_method(CompileTask*)+0x1470
V  [libjvm.so+0x5b12e8]  CompileBroker::compiler_thread_loop()+0x528
V  [libjvm.so+0xd82460]  JavaThread::thread_main_inner()+0xd0
V  [libjvm.so+0xd85a40]  Thread::call_run()+0xc0
V  [libjvm.so+0xbdb1e1]  thread_native_entry(Thread*)+0xe1

Register to memory mapping:

RAX=0x00007f3f1911c000 points into unknown readable memory: 0x0000000000000058 | 58 00 00 00 00 00 00 00
RBX=0x00007f3f1a217398: <offset 0x0000000000ef5398> in /nix/store/gpxl5qgg8kicmcvivwmybwjlpf7wh20l-graalvm17-ce-22.3.0/lib/server/libjvm.so at 0x00007f3f19322000
RCX=0x00007f3f1a1cf1e8: <offset 0x0000000000ead1e8> in /nix/store/gpxl5qgg8kicmcvivwmybwjlpf7wh20l-graalvm17-ce-22.3.0/lib/server/libjvm.so at 0x00007f3f19322000
RDX=0x0000000000000649 is an unknown value
RSP=0x00007f3ef9618380 is pointing into the stack for thread: 0x00007f3f140b1dd0
RBP=0x00007f3ef96183a0 is pointing into the stack for thread: 0x00007f3f140b1dd0
RSI=0x00007f3f1a217c48: <offset 0x0000000000ef5c48> in /nix/store/gpxl5qgg8kicmcvivwmybwjlpf7wh20l-graalvm17-ce-22.3.0/lib/server/libjvm.so at 0x00007f3f19322000
RDI=0x00000000e0000000 is an oop: [B 
{0x00000000e0000000} - klass: {type array byte}
 - length: 60
R8 =0x00007f3f1a217398: <offset 0x0000000000ef5398> in /nix/store/gpxl5qgg8kicmcvivwmybwjlpf7wh20l-graalvm17-ce-22.3.0/lib/server/libjvm.so at 0x00007f3f19322000
R9 =0x0000000000000003 is an unknown value
R10=0x00007f3f1a568da0: <offset 0x0000000001246da0> in /nix/store/gpxl5qgg8kicmcvivwmybwjlpf7wh20l-graalvm17-ce-22.3.0/lib/server/libjvm.so at 0x00007f3f19322000
R11=0x000000080044f048 is pointing into metadata
R12=0x0 is NULL
R13=0x00007f3f140b1dd0 is a thread
R14=0x00007f3f14000b80 points into unknown readable memory: 0x00007f3f1a448a38 | 38 8a 44 1a 3f 7f 00 00
R15=0x00007f3f1a556e40: <offset 0x0000000001234e40> in /nix/store/gpxl5qgg8kicmcvivwmybwjlpf7wh20l-graalvm17-ce-22.3.0/lib/server/libjvm.so at 0x00007f3f19322000


Registers:
RAX=0x00007f3f1911c000, RBX=0x00007f3f1a217398, RCX=0x00007f3f1a1cf1e8, RDX=0x0000000000000649
RSP=0x00007f3ef9618380, RBP=0x00007f3ef96183a0, RSI=0x00007f3f1a217c48, RDI=0x00000000e0000000
R8 =0x00007f3f1a217398, R9 =0x0000000000000003, R10=0x00007f3f1a568da0, R11=0x000000080044f048
R12=0x0000000000000000, R13=0x00007f3f140b1dd0, R14=0x00007f3f14000b80, R15=0x00007f3f1a556e40
RIP=0x00007f3f19c94714, EFLAGS=0x0000000000010206, CSGSFS=0x002b000000000033, ERR=0x0000000000000006
  TRAPNO=0x000000000000000e

Top of Stack: (sp=0x00007f3ef9618380)
0x00007f3ef9618380:   00007f3ef9618940 00007f3f140b1dd0
0x00007f3ef9618390:   00007f3f18aad8c8 0000000800c415a8
0x00007f3ef96183a0:   00007f3ef9618500 00007f3f19c602fe
0x00007f3ef96183b0:   00007f3ef96183e0 00007f3ef9618440 

Instructions: (pc=0x00007f3f19c94714)
0x00007f3f19c94614:   30 e8 f6 cf e8 ff 4c 89 e7 e8 2e 48 d1 ff 84 db
0x00007f3f19c94624:   75 2a 4d 85 ed 74 04 4d 8b 6d 00 48 83 c4 08 44
0x00007f3f19c94634:   89 f9 4c 89 f2 4c 89 ee 5b 4c 89 e7 41 5c 41 5d
0x00007f3f19c94644:   41 5e 41 5f 5d e9 e2 47 d1 ff 66 90 48 83 c4 08
0x00007f3f19c94654:   5b 41 5c 41 5d 41 5e 41 5f 5d c3 90 31 d2 be 08
0x00007f3f19c94664:   00 00 00 4c 89 ff e8 b1 78 a3 ff 49 89 c5 e9 37
0x00007f3f19c94674:   ff ff ff 66 0f 1f 84 00 00 00 00 00 48 8b 7a 08
0x00007f3f19c94684:   e9 6d ff ff ff 0f 1f 80 00 00 00 00 e8 5b 48 0a
0x00007f3f19c94694:   00 84 c0 75 89 e9 6a ff ff ff 66 90 55 48 89 e5
0x00007f3f19c946a4:   41 56 41 55 41 54 49 89 fc 53 48 89 f3 66 48 8d
0x00007f3f19c946b4:   3d 27 5e 85 00 66 66 48 e8 df 43 8d ff 4c 8b 28
0x00007f3f19c946c4:   8b 05 be 72 8a 00 85 c0 75 14 ba 01 00 00 00 48
0x00007f3f19c946d4:   8d 0d ae 72 8a 00 f0 0f b1 11 85 c0 74 4e be c8
0x00007f3f19c946e4:   00 00 00 4c 89 ef e8 01 0b 41 00 48 8d 05 12 ac
0x00007f3f19c946f4:   85 00 49 89 d8 48 8d 0d e8 aa 53 00 ba 49 06 00
0x00007f3f19c94704:   00 48 8d 35 3c 35 58 00 bf 00 00 00 e0 48 8b 00
0x00007f3f19c94714:   c6 00 58 31 c0 e8 e2 91 c6 ff 5b 41 5c 41 5d 41
0x00007f3f19c94724:   5e 5d e9 55 34 26 00 0f 1f 44 00 00 48 8d 05 81
0x00007f3f19c94734:   a3 8b 00 48 89 df 4c 8b 30 e8 9e 43 8d ff 48 89
0x00007f3f19c94744:   de 48 89 c2 49 8b 06 4c 89 f7 ff 50 08 4c 89 f7
0x00007f3f19c94754:   e8 a7 5c 27 00 4d 85 e4 74 12 be 01 00 00 00 4c
0x00007f3f19c94764:   89 e7 e8 35 43 fc ff eb 82 0f 1f 00 be 01 00 00
0x00007f3f19c94774:   00 4c 89 ef e8 d3 fd ff ff e9 6d ff ff ff 66 66
0x00007f3f19c94784:   2e 0f 1f 84 00 00 00 00 00 0f 1f 00 55 48 89 e5
0x00007f3f19c94794:   41 57 41 56 41 55 41 54 53 48 81 ec 08 02 00 00
0x00007f3f19c947a4:   64 48 8b 04 25 28 00 00 00 48 89 45 c8 8b 07 83
0x00007f3f19c947b4:   f8 02 0f 84 11 04 00 00 4c 8b 6f 18 49 89 ff 49
0x00007f3f19c947c4:   89 f4 4d 85 ed 74 14 4c 89 ef e8 5d 57 22 00 41
0x00007f3f19c947d4:   8b 07 83 f8 02 0f 84 19 04 00 00 48 8d 1d 9a 06
0x00007f3f19c947e4:   8a 00 4c 8d 35 0b 3c 58 00 eb 38 90 48 85 d2 7f
0x00007f3f19c947f4:   0d 48 8d 05 b4 c0 85 00 48 83 38 00 7e 0e 41 8b
0x00007f3f19c94804:   77 2c 4c 89 f7 31 c0 e8 a0 b2 f7 ff 49 8b 7f 18 


Stack slot to memory mapping:
stack at sp + 0 slots: 0x00007f3ef9618940 is pointing into the stack for thread: 0x00007f3f140b1dd0
stack at sp + 1 slots: 0x00007f3f140b1dd0 is a thread
stack at sp + 2 slots: 0x00007f3f18aad8c8 points into unknown readable memory: 0x6573001880c9ffff | ff ff c9 80 18 00 73 65
stack at sp + 3 slots: 0x0000000800c415a8 is a pointer to class: 
jdk.vm.ci.services.Services {0x0000000800c415a8}
 - instance size:     2
 - klass size:        65
 - access:            public final synchronized 
 - state:             fully_initialized
 - name:              'jdk/vm/ci/services/Services'
 - super:             'java/lang/Object'
 - sub:               
 - arrays:            NULL
 - methods:           Array<T>(0x00007f3ef9c3b048)
 - method ordering:   Array<T>(0x0000000800928960)
 - default_methods:   Array<T>(0x0000000000000000)
 - local interfaces:  Array<T>(0x00000008005ce810)
 - trans. interfaces: Array<T>(0x00000008005ce810)
 - constants:         constant pool [427] {0x00007f3ef9c3a128} for 'jdk/vm/ci/services/Services' cache=0x00007f3ef9c3c318
 - class loader data:  loader data: 0x00007f3f14027d70 of 'bootstrap'
 - source file:       'Services.java'
 - class annotations:       Array<T>(0x0000000000000000)
 - class type annotations:  Array<T>(0x0000000000000000)
 - field annotations:       Array<T>(0x0000000000000000)
 - field type annotations:  Array<T>(0x0000000000000000)
 - inner classes:     Array<T>(0x00007f3ef9c3c2e8)
 - nest members:     Array<T>(0x00007f3ef9c3c308)
 - permitted subclasses:     Array<T>(0x00000008005ce7a0)
 - java mirror:       a 'java/lang/Class'{0x00000000e017dac0} = 'jdk/vm/ci/services/Services'
 - vtable length      5  (start addr: 0x0000000800c41778)
 - itable length      2 (start addr: 0x0000000800c417a0)
 - ---- static fields (3 words):
 - public static final 'IS_BUILDING_NATIVE_IMAGE' 'Z' @128 
 - public static final 'IS_IN_NATIVE_IMAGE' 'Z' @129 
 - private static volatile 'savedProperties' 'Ljava/util/Map;' @112 
 - static final 'JVMCI_ENABLED' 'Z' @130 
 - private static final 'servicesCache' 'Ljava/util/Map;' @116 
 - private static final 'MAX_UNICODE_IN_UTF8_LENGTH' 'I' @120 
 - private static final 'MAX_UTF8_PROPERTY_STRING_LENGTH' 'I' @124 
 - ---- non-static fields (0 words):
 - non-static oop maps: 
stack at sp + 4 slots: 0x00007f3ef9618500 is pointing into the stack for thread: 0x00007f3f140b1dd0
stack at sp + 5 slots: 0x00007f3f19c602fe: <offset 0x000000000093e2fe> in /nix/store/gpxl5qgg8kicmcvivwmybwjlpf7wh20l-graalvm17-ce-22.3.0/lib/server/libjvm.so at 0x00007f3f19322000
stack at sp + 6 slots: 0x00007f3ef96183e0 is pointing into the stack for thread: 0x00007f3f140b1dd0
stack at sp + 7 slots: 0x00007f3ef9618440 is pointing into the stack for thread: 0x00007f3f140b1dd0


---------------  P R O C E S S  ---------------

Threads class SMR info:
_java_thread_list=0x00007f3e90039b30, length=32, elements={
0x00007f3f14026010, 0x00007f3f140a6080, 0x00007f3f140a74c0, 0x00007f3f140adc40,
0x00007f3f140aeff0, 0x00007f3f140b03e0, 0x00007f3f140b1dd0, 0x00007f3f140b32e0,
0x00007f3f140b4730, 0x00007f3f140d7540, 0x00007f3f1411fb40, 0x00007f3f14303f20,
0x00007f3f14337d30, 0x00007f3f14339dd0, 0x00007f3f145ffc90, 0x00007f3ea8017090,
0x00007f3ea82a2920, 0x00007f3e9c0010d0, 0x00007f3ea8482840, 0x00007f3ea85ea8a0,
0x00007f3f143e2a60, 0x00007f3e9c007770, 0x00007f3f143acd10, 0x00007f3e7c000ff0,
0x00007f3e78227120, 0x00007f3e782291d0, 0x00007f3e78229ce0, 0x00007f3e7822ac90,
0x00007f3e781a5fb0, 0x00007f3e9003f100, 0x00007f3e781a88c0, 0x00007f3e90039db0
}

Java Threads: ( => current thread )
  0x00007f3f14026010 JavaThread "main" [_thread_blocked, id=36, stack(0x00007f3f1913d000,0x00007f3f1923d000)]
  0x00007f3f140a6080 JavaThread "Reference Handler" daemon [_thread_blocked, id=39, stack(0x00007f3f18154000,0x00007f3f18254000)]
  0x00007f3f140a74c0 JavaThread "Finalizer" daemon [_thread_blocked, id=40, stack(0x00007f3f18054000,0x00007f3f18154000)]
  0x00007f3f140adc40 JavaThread "Signal Dispatcher" daemon [_thread_blocked, id=41, stack(0x00007f3ef981a000,0x00007f3ef991a000)]
  0x00007f3f140aeff0 JavaThread "Service Thread" daemon [_thread_blocked, id=42, stack(0x00007f3ef971a000,0x00007f3ef981a000)]
  0x00007f3f140b03e0 JavaThread "Monitor Deflation Thread" daemon [_thread_blocked, id=43, stack(0x00007f3ef961a000,0x00007f3ef971a000)]
=>0x00007f3f140b1dd0 JavaThread "JVMCI-native CompilerThread0" daemon [_thread_in_vm, id=44, stack(0x00007f3ef941a000,0x00007f3ef961a000)]
  0x00007f3f140b32e0 JavaThread "C1 CompilerThread0" daemon [_thread_blocked, id=45, stack(0x00007f3ef921a000,0x00007f3ef941a000)]
  0x00007f3f140b4730 JavaThread "Sweeper thread" daemon [_thread_blocked, id=46, stack(0x00007f3ef911a000,0x00007f3ef921a000)]
  0x00007f3f140d7540 JavaThread "Common-Cleaner" daemon [_thread_blocked, id=53, stack(0x00007f3ef901a000,0x00007f3ef911a000)]
  0x00007f3f1411fb40 JavaThread "Notification Thread" daemon [_thread_blocked, id=54, stack(0x00007f3ef8f1a000,0x00007f3ef901a000)]
  0x00007f3f14303f20 JavaThread "Active Thread: Equinox Container: 67e5c2b5-a2c5-445a-8ea2-1bcf151a13b5" [_thread_blocked, id=110, stack(0x00007f3ef8c00000,0x00007f3ef8d00000)]
  0x00007f3f14337d30 JavaThread "Framework Event Dispatcher: Equinox Container: 67e5c2b5-a2c5-445a-8ea2-1bcf151a13b5" daemon [_thread_blocked, id=123, stack(0x00007f3ef8a00000,0x00007f3ef8b00000)]
  0x00007f3f14339dd0 JavaThread "Start Level: Equinox Container: 67e5c2b5-a2c5-445a-8ea2-1bcf151a13b5" daemon [_thread_blocked, id=125, stack(0x00007f3ef8800000,0x00007f3ef8900000)]
  0x00007f3f145ffc90 JavaThread "Refresh Thread: Equinox Container: 67e5c2b5-a2c5-445a-8ea2-1bcf151a13b5" daemon [_thread_blocked, id=131, stack(0x00007f3ef8600000,0x00007f3ef8700000)]
  0x00007f3ea8017090 JavaThread "SCR Component Actor" daemon [_thread_blocked, id=146, stack(0x00007f3ef8400000,0x00007f3ef8500000)]
  0x00007f3ea82a2920 JavaThread "Worker-JM" [_thread_blocked, id=148, stack(0x00007f3ef8000000,0x00007f3ef8100000)]
  0x00007f3e9c0010d0 JavaThread "Worker-1: Compacting resource model" [_thread_blocked, id=157, stack(0x00007f3ec0700000,0x00007f3ec0800000)]
  0x00007f3ea8482840 JavaThread "Java indexing" daemon [_thread_blocked, id=158, stack(0x00007f3ec0600000,0x00007f3ec0700000)]
  0x00007f3ea85ea8a0 JavaThread "Bundle File Closer" daemon [_thread_blocked, id=159, stack(0x00007f3ec0500000,0x00007f3ec0600000)]
  0x00007f3f143e2a60 JavaThread "pool-3-thread-1" [_thread_blocked, id=166, stack(0x00007f3ec0300000,0x00007f3ec0400000)]
  0x00007f3e9c007770 JavaThread "Worker-2" [_thread_blocked, id=167, stack(0x00007f3ec0100000,0x00007f3ec0200000)]
  0x00007f3f143acd10 JavaThread "pool-2-thread-1" [_thread_blocked, id=168, stack(0x00007f3ebff00000,0x00007f3ec0000000)]
  0x00007f3e7c000ff0 JavaThread "Worker-4: Java indexing... " [_thread_blocked, id=170, stack(0x00007f3ebfb00000,0x00007f3ebfc00000)]
  0x00007f3e78227120 JavaThread "Thread-2" [_thread_blocked, id=217, stack(0x00007f3ef8200000,0x00007f3ef8300000)]
  0x00007f3e782291d0 JavaThread "Thread-4" [_thread_blocked, id=242, stack(0x00007f3ef8b00000,0x00007f3ef8c00000)]
  0x00007f3e78229ce0 JavaThread "Thread-6" [_thread_blocked, id=264, stack(0x00007f3ef8100000,0x00007f3ef8200000)]
  0x00007f3e7822ac90 JavaThread "Thread-7" [_thread_blocked, id=267, stack(0x00007f3ef8d18000,0x00007f3ef8e18000)]
  0x00007f3e781a5fb0 JavaThread "Thread-8" [_thread_blocked, id=296, stack(0x00007f3ef8700000,0x00007f3ef8800000)]
  0x00007f3e9003f100 JavaThread "Worker-5: Publish Diagnostics" [_thread_blocked, id=533, stack(0x00007f3ec0900000,0x00007f3ec0a00000)]
  0x00007f3e781a88c0 JavaThread "Thread-9" [_thread_blocked, id=570, stack(0x00007f3ebfd00000,0x00007f3ebfe00000)]
  0x00007f3e90039db0 JavaThread "Worker-6" [_thread_blocked, id=1130, stack(0x00007f3ef8900000,0x00007f3ef8a00000)]

Other Threads:
  0x00007f3f140a17c0 VMThread "VM Thread" [stack: 0x00007f3f18256000,0x00007f3f18356000] [id=38] _threads_hazard_ptr=0x00007f3e90039b30
  0x00007f3f141218d0 WatcherThread [stack: 0x00007f3ef8e1a000,0x00007f3ef8f1a000] [id=55]
  0x00007f3f1403d920 GCTaskThread "GC Thread#0" [stack: 0x00007f3f18d00000,0x00007f3f18e00000] [id=37]

Threads with active compile tasks:
JVMCI-native CompilerThread0   683037 7166       4       org.eclipse.jdt.internal.compiler.lookup.LookupEnvironment::getTypeFromConstantPoolName (104 bytes)

VM state: synchronizing (normal execution)

VM Mutex/Monitor currently owned by a thread:  ([mutex/lock_event])
[0x00007f3f14023160] Threads_lock - owner thread: 0x00007f3f140a17c0
[0x00007f3f14023910] Heap_lock - owner thread: 0x00007f3ea8482840

OutOfMemory and StackOverflow Exception counts:
OutOfMemoryError java_heap_errors=1
LinkageErrors=39

Heap address: 0x00000000e0000000, size: 512 MB, Compressed Oops mode: 32-bit

CDS archive(s) mapped at: [0x0000000800000000-0x0000000800bc8000-0x0000000800bc8000), size 12353536, SharedBaseAddress: 0x0000000800000000, ArchiveRelocationMode: 0.
Compressed class space mapped at: 0x0000000800c00000-0x0000000840c00000, reserved size: 1073741824
Narrow klass base: 0x0000000800000000, Narrow klass shift: 0, Narrow klass range: 0x100000000

GC Precious Log:
 CPUs: 8 total, 1 available
 Memory: 1024M
 Large Page Support: Disabled
 NUMA Support: Disabled
 Compressed Oops: Enabled (32-bit)
 Alignments: Space 512K, Generation 512K, Heap 2M
 Heap Min Capacity: 100M
 Heap Initial Capacity: 100M
 Heap Max Capacity: 512M
 Pre-touch: Disabled
 Parallel Workers: 1

Heap:
 PSYoungGen      total 47616K, used 33280K [0x00000000f5580000, 0x00000000f9400000, 0x0000000100000000)
  eden space 33280K, 100% used [0x00000000f5580000,0x00000000f7600000,0x00000000f7600000)
  from space 14336K, 0% used [0x00000000f7600000,0x00000000f7600000,0x00000000f8400000)
  to   space 14848K, 0% used [0x00000000f8500000,0x00000000f8500000,0x00000000f9380000)
 ParOldGen       total 349696K, used 349695K [0x00000000e0000000, 0x00000000f5580000, 0x00000000f5580000)
  object space 349696K, 99% used [0x00000000e0000000,0x00000000f557fe50,0x00000000f5580000)
 Metaspace       used 52057K, committed 52864K, reserved 1097728K
  class space    used 5159K, committed 5504K, reserved 1048576K

Card table byte_map: [0x00007f3f18e00000,0x00007f3f18f01000] _byte_map_base: 0x00007f3f18700000

Marking Bits: (ParMarkBitMap*) 0x00007f3f1a5504c0
 Begin Bits: [0x00007f3efa4b3000, 0x00007f3efacb3000)
 End Bits:   [0x00007f3efacb3000, 0x00007f3efb4b3000)

Polling page: 0x00007f3f1911a000

Metaspace:

Usage:
  Non-class:     45.80 MB used.
      Class:      5.04 MB used.
       Both:     50.84 MB used.

Virtual space:
  Non-class space:       48.00 MB reserved,      46.25 MB ( 96%) committed,  6 nodes.
      Class space:        1.00 GB reserved,       5.38 MB ( <1%) committed,  1 nodes.
             Both:        1.05 GB reserved,      51.62 MB (  5%) committed. 

Chunk freelists:
   Non-Class:  1.80 MB
       Class:  2.60 MB
        Both:  4.40 MB

MaxMetaspaceSize: unlimited
CompressedClassSpaceSize: 1.00 GB
Initial GC threshold: 21.00 MB
Current GC threshold: 85.88 MB
CDS: on
MetaspaceReclaimPolicy: balanced
 - commit_granule_bytes: 65536.
 - commit_granule_words: 8192.
 - virtual_space_node_default_size: 1048576.
 - enlarge_chunks_in_place: 1.
 - new_chunks_are_fully_committed: 0.
 - uncommit_free_chunks: 1.
 - use_allocation_guard: 0.
 - handle_deallocations: 1.


Internal statistics:

num_allocs_failed_limit: 10.
num_arena_births: 324.
num_arena_deaths: 66.
num_vsnodes_births: 7.
num_vsnodes_deaths: 0.
num_space_committed: 825.
num_space_uncommitted: 0.
num_chunks_returned_to_freelist: 93.
num_chunks_taken_from_freelist: 2263.
num_chunk_merges: 40.
num_chunk_splits: 1494.
num_chunks_enlarged: 974.
num_purges: 8.
num_inconsistent_stats: 0.

CodeHeap 'non-profiled nmethods': size=120036Kb used=2422Kb max_used=2422Kb free=117613Kb
 bounds [0x00007f3f02f7a000, 0x00007f3f031ea000, 0x00007f3f0a4b3000]
CodeHeap 'profiled nmethods': size=120032Kb used=12645Kb max_used=13115Kb free=107386Kb
 bounds [0x00007f3efba42000, 0x00007f3efc792000, 0x00007f3f02f7a000]
CodeHeap 'non-nmethods': size=5692Kb used=1373Kb max_used=1384Kb free=4318Kb
 bounds [0x00007f3efb4b3000, 0x00007f3efb723000, 0x00007f3efba42000]
 total_blobs=6090 nmethods=5388 adapters=596
 compilation: enabled
              stopped_count=0, restarted_count=0
 full_count=0

JVMCI Events (20 events):
Event: 428.938 Thread 0x00007f3f140b1dd0 compacted oop handles in JVMCI runtime 0 from 61 to 61
Event: 428.938 Thread 0x00007f3f140b1dd0 releasing handles for JVMCI runtime 0: oop handles=61, metadata handles={total=103, live=103, blocks=40}
Event: 428.938 Thread 0x00007f3f140b1dd0 detached from JVMCI runtime 0
Event: 537.926 Thread 0x00007f3f140b1dd0 attached to JVMCI runtime 0
Event: 537.928 Thread 0x00007f3f140b1dd0 created JavaVM[5]@0x00007f3ebf59e340 for JVMCI runtime 0
Event: 537.928 Thread 0x00007f3f140b1dd0 initializing JVMCI runtime 0
Event: 537.928 Thread 0x00007f3f140b1dd0 done waiting for JavaVM references initialization in JVMCI runtime 0
Event: 596.607 Thread 0x00007f3f140b1dd0 initialized JVMCI runtime 0
Event: 631.621 Thread 0x00007f3f140b1dd0 compacted oop handles in JVMCI runtime 0 from 77 to 75
Event: 632.898 Thread 0x00007f3f140b1dd0 detaching from JVMCI runtime 0: releasing idle compiler thread (0 other threads still attached)
Event: 632.898 Thread 0x00007f3f140b1dd0 shutting down HotSpotJVMCIRuntime for JVMCI runtime 0
Event: 634.407 Thread 0x00007f3f140b1dd0 shut down JVMCI runtime 0
Event: 635.795 Thread 0x00007f3f140b1dd0 destroyed JavaVM[5]@0x00007f3ebf59e340 for JVMCI runtime 0
Event: 635.795 Thread 0x00007f3f140b1dd0 compacted oop handles in JVMCI runtime 0 from 75 to 75
Event: 635.795 Thread 0x00007f3f140b1dd0 releasing handles for JVMCI runtime 0: oop handles=75, metadata handles={total=137, live=134, blocks=40}
Event: 635.795 Thread 0x00007f3f140b1dd0 detached from JVMCI runtime 0
Event: 663.208 Thread 0x00007f3f140b1dd0 attached to JVMCI runtime 0
Event: 663.212 Thread 0x00007f3f140b1dd0 created JavaVM[6]@0x00007f3ebf59e340 for JVMCI runtime 0
Event: 664.637 Thread 0x00007f3f140b1dd0 initializing JVMCI runtime 0
Event: 664.637 Thread 0x00007f3f140b1dd0 done waiting for JavaVM references initialization in JVMCI runtime 0

Compilation events (20 events):
Event: 513.630 Thread 0x00007f3f140b32e0 nmethod 7156 0x00007f3f031d5510 code [0x00007f3f031d56a0, 0x00007f3f031d5770]
Event: 513.630 Thread 0x00007f3f140b32e0 7157       3       org.eclipse.jdt.internal.compiler.lookup.Scope::<init> (44 bytes)
Event: 515.035 Thread 0x00007f3f140b32e0 nmethod 7157 0x00007f3efc3df990 code [0x00007f3efc3dfb40, 0x00007f3efc3dffd0]
Event: 524.613 Thread 0x00007f3f140b32e0 7158       3       org.eclipse.jdt.internal.core.JavaElementRequestor::acceptModule (28 bytes)
Event: 525.932 Thread 0x00007f3f140b32e0 nmethod 7158 0x00007f3efc534590 code [0x00007f3efc534780, 0x00007f3efc535160]
Event: 527.438 Thread 0x00007f3f140b32e0 7159       3       org.eclipse.jdt.internal.core.PackageFragment::getUnderlyingResource (103 bytes)
Event: 530.049 Thread 0x00007f3f140b32e0 nmethod 7159 0x00007f3efc56d490 code [0x00007f3efc56d700, 0x00007f3efc56f480]
Event: 537.926 Thread 0x00007f3f140b1dd0 7160       4       java.util.AbstractCollection::isEmpty (13 bytes)
Event: 585.911 Thread 0x00007f3f140b32e0 7161       3       org.eclipse.jdt.internal.core.JarPackageFragmentRoot::getUnderlyingResource (26 bytes)
Event: 585.912 Thread 0x00007f3f140b32e0 nmethod 7161 0x00007f3efc5cad10 code [0x00007f3efc5caf80, 0x00007f3efc5cc950]
Event: 591.295 Thread 0x00007f3f140b32e0 7162       3       org.eclipse.jdt.internal.core.JavaModelOperation::isCanceled (17 bytes)
Event: 591.296 Thread 0x00007f3f140b32e0 nmethod 7162 0x00007f3efc489490 code [0x00007f3efc489660, 0x00007f3efc489b20]
Event: 602.017 Thread 0x00007f3f140b32e0 7164       3       org.eclipse.jdt.internal.compiler.util.HashtableOfType::put (113 bytes)
Event: 602.018 Thread 0x00007f3f140b32e0 nmethod 7164 0x00007f3efc3b6190 code [0x00007f3efc3b63c0, 0x00007f3efc3b7100]
Event: 609.035 Thread 0x00007f3f140b1dd0 nmethod 7160 0x00007f3f031d5810 code [0x00007f3f031d5980, 0x00007f3f031d5a60]
Event: 609.035 Thread 0x00007f3f140b1dd0 7163       4       java.io.DataOutputStream::writeUTF (411 bytes)
Event: 631.621 Thread 0x00007f3f140b1dd0 nmethod 7163 0x00007f3f031d5b90 code [0x00007f3f031d5dc0, 0x00007f3f031d7160]
Event: 656.496 Thread 0x00007f3f140b32e0 7165   !   3       org.eclipse.jdt.internal.compiler.lookup.BinaryTypeBinding::createMethods (447 bytes)
Event: 661.254 Thread 0x00007f3f140b32e0 nmethod 7165 0x00007f3efc58e910 code [0x00007f3efc58ec00, 0x00007f3efc590e10]
Event: 663.208 Thread 0x00007f3f140b1dd0 7166       4       org.eclipse.jdt.internal.compiler.lookup.LookupEnvironment::getTypeFromConstantPoolName (104 bytes)

GC Heap History (20 events):
Event: 669.953 GC heap before
{Heap before GC invocations=548 (full 450):
 PSYoungGen      total 47616K, used 33280K [0x00000000f5580000, 0x00000000f9400000, 0x0000000100000000)
  eden space 33280K, 100% used [0x00000000f5580000,0x00000000f7600000,0x00000000f7600000)
  from space 14336K, 0% used [0x00000000f7600000,0x00000000f7600000,0x00000000f8400000)
  to   space 14848K, 0% used [0x00000000f8500000,0x00000000f8500000,0x00000000f9380000)
 ParOldGen       total 349696K, used 349693K [0x00000000e0000000, 0x00000000f5580000, 0x00000000f5580000)
  object space 349696K, 99% used [0x00000000e0000000,0x00000000f557f618,0x00000000f5580000)
 Metaspace       used 52057K, committed 52864K, reserved 1097728K
  class space    used 5159K, committed 5504K, reserved 1048576K
}
Event: 671.203 GC heap after
{Heap after GC invocations=548 (full 450):
 PSYoungGen      total 48128K, used 33280K [0x00000000f5580000, 0x00000000f9400000, 0x0000000100000000)
  eden space 33280K, 100% used [0x00000000f5580000,0x00000000f7600000,0x00000000f7600000)
  from space 14848K, 0% used [0x00000000f8500000,0x00000000f8500000,0x00000000f9380000)
  to   space 14336K, 0% used [0x00000000f7600000,0x00000000f7600000,0x00000000f8400000)
 ParOldGen       total 349696K, used 349693K [0x00000000e0000000, 0x00000000f5580000, 0x00000000f5580000)
  object space 349696K, 99% used [0x00000000e0000000,0x00000000f557f618,0x00000000f5580000)
 Metaspace       used 52057K, committed 52864K, reserved 1097728K
  class space    used 5159K, committed 5504K, reserved 1048576K
}
Event: 671.204 GC heap before
{Heap before GC invocations=549 (full 451):
 PSYoungGen      total 48128K, used 33280K [0x00000000f5580000, 0x00000000f9400000, 0x0000000100000000)
  eden space 33280K, 100% used [0x00000000f5580000,0x00000000f7600000,0x00000000f7600000)
  from space 14848K, 0% used [0x00000000f8500000,0x00000000f8500000,0x00000000f9380000)
  to   space 14336K, 0% used [0x00000000f7600000,0x00000000f7600000,0x00000000f8400000)
 ParOldGen       total 349696K, used 349695K [0x00000000e0000000, 0x00000000f5580000, 0x00000000f5580000)
  object space 349696K, 99% used [0x00000000e0000000,0x00000000f557ffe8,0x00000000f5580000)
 Metaspace       used 52057K, committed 52864K, reserved 1097728K
  class space    used 5159K, committed 5504K, reserved 1048576K
}
Event: 672.509 GC heap after
{Heap after GC invocations=549 (full 451):
 PSYoungGen      total 47616K, used 33279K [0x00000000f5580000, 0x00000000f9400000, 0x0000000100000000)
  eden space 33280K, 99% used [0x00000000f5580000,0x00000000f75fff78,0x00000000f7600000)
  from space 14336K, 0% used [0x00000000f7600000,0x00000000f7600000,0x00000000f8400000)
  to   space 14848K, 0% used [0x00000000f8500000,0x00000000f8500000,0x00000000f9380000)
 ParOldGen       total 349696K, used 349693K [0x00000000e0000000, 0x00000000f5580000, 0x00000000f5580000)
  object space 349696K, 99% used [0x00000000e0000000,0x00000000f557f6e8,0x00000000f5580000)
 Metaspace       used 52057K, committed 52864K, reserved 1097728K
  class space    used 5159K, committed 5504K, reserved 1048576K
}
Event: 672.510 GC heap before
{Heap before GC invocations=550 (full 452):
 PSYoungGen      total 47616K, used 33279K [0x00000000f5580000, 0x00000000f9400000, 0x0000000100000000)
  eden space 33280K, 99% used [0x00000000f5580000,0x00000000f75fffe8,0x00000000f7600000)
  from space 14336K, 0% used [0x00000000f7600000,0x00000000f7600000,0x00000000f8400000)
  to   space 14848K, 0% used [0x00000000f8500000,0x00000000f8500000,0x00000000f9380000)
 ParOldGen       total 349696K, used 349693K [0x00000000e0000000, 0x00000000f5580000, 0x00000000f5580000)
  object space 349696K, 99% used [0x00000000e0000000,0x00000000f557f6e8,0x00000000f5580000)
 Metaspace       used 52057K, committed 52864K, reserved 1097728K
  class space    used 5159K, committed 5504K, reserved 1048576K
}
Event: 673.725 GC heap after
{Heap after GC invocations=550 (full 452):
 PSYoungGen      total 48128K, used 33279K [0x00000000f5580000, 0x00000000f9400000, 0x0000000100000000)
  eden space 33280K, 99% used [0x00000000f5580000,0x00000000f75fffe8,0x00000000f7600000)
  from space 14848K, 0% used [0x00000000f8500000,0x00000000f8500000,0x00000000f9380000)
  to   space 14336K, 0% used [0x00000000f7600000,0x00000000f7600000,0x00000000f8400000)
 ParOldGen       total 349696K, used 349693K [0x00000000e0000000, 0x00000000f5580000, 0x00000000f5580000)
  object space 349696K, 99% used [0x00000000e0000000,0x00000000f557f6c8,0x00000000f5580000)
 Metaspace       used 52057K, committed 52864K, reserved 1097728K
  class space    used 5159K, committed 5504K, reserved 1048576K
}
Event: 673.727 GC heap before
{Heap before GC invocations=551 (full 453):
 PSYoungGen      total 48128K, used 33279K [0x00000000f5580000, 0x00000000f9400000, 0x0000000100000000)
  eden space 33280K, 99% used [0x00000000f5580000,0x00000000f75ffff8,0x00000000f7600000)
  from space 14848K, 0% used [0x00000000f8500000,0x00000000f8500000,0x00000000f9380000)
  to   space 14336K, 0% used [0x00000000f7600000,0x00000000f7600000,0x00000000f8400000)
 ParOldGen       total 349696K, used 349695K [0x00000000e0000000, 0x00000000f5580000, 0x00000000f5580000)
  object space 349696K, 99% used [0x00000000e0000000,0x00000000f557fef0,0x00000000f5580000)
 Metaspace       used 52057K, committed 52864K, reserved 1097728K
  class space    used 5159K, committed 5504K, reserved 1048576K
}
Event: 675.042 GC heap after
{Heap after GC invocations=551 (full 453):
 PSYoungGen      total 47616K, used 33279K [0x00000000f5580000, 0x00000000f9400000, 0x0000000100000000)
  eden space 33280K, 99% used [0x00000000f5580000,0x00000000f75fff78,0x00000000f7600000)
  from space 14336K, 0% used [0x00000000f7600000,0x00000000f7600000,0x00000000f8400000)
  to   space 14848K, 0% used [0x00000000f8500000,0x00000000f8500000,0x00000000f9380000)
 ParOldGen       total 349696K, used 349694K [0x00000000e0000000, 0x00000000f5580000, 0x00000000f5580000)
  object space 349696K, 99% used [0x00000000e0000000,0x00000000f557f8c8,0x00000000f5580000)
 Metaspace       used 52057K, committed 52864K, reserved 1097728K
  class space    used 5159K, committed 5504K, reserved 1048576K
}
Event: 675.042 GC heap before
{Heap before GC invocations=552 (full 454):
 PSYoungGen      total 47616K, used 33279K [0x00000000f5580000, 0x00000000f9400000, 0x0000000100000000)
  eden space 33280K, 99% used [0x00000000f5580000,0x00000000f75ffff0,0x00000000f7600000)
  from space 14336K, 0% used [0x00000000f7600000,0x00000000f7600000,0x00000000f8400000)
  to   space 14848K, 0% used [0x00000000f8500000,0x00000000f8500000,0x00000000f9380000)
 ParOldGen       total 349696K, used 349694K [0x00000000e0000000, 0x00000000f5580000, 0x00000000f5580000)
  object space 349696K, 99% used [0x00000000e0000000,0x00000000f557f8c8,0x00000000f5580000)
 Metaspace       used 52057K, committed 52864K, reserved 1097728K
  class space    used 5159K, committed 5504K, reserved 1048576K
}
Event: 676.438 GC heap after
{Heap after GC invocations=552 (full 454):
 PSYoungGen      total 48128K, used 33279K [0x00000000f5580000, 0x00000000f9400000, 0x0000000100000000)
  eden space 33280K, 99% used [0x00000000f5580000,0x00000000f75fff98,0x00000000f7600000)
  from space 14848K, 0% used [0x00000000f8500000,0x00000000f8500000,0x00000000f9380000)
  to   space 14336K, 0% used [0x00000000f7600000,0x00000000f7600000,0x00000000f8400000)
 ParOldGen       total 349696K, used 349694K [0x00000000e0000000, 0x00000000f5580000, 0x00000000f5580000)
  object space 349696K, 99% used [0x00000000e0000000,0x00000000f557f8c8,0x00000000f5580000)
 Metaspace       used 52057K, committed 52864K, reserved 1097728K
  class space    used 5159K, committed 5504K, reserved 1048576K
}
Event: 676.438 GC heap before
{Heap before GC invocations=553 (full 455):
 PSYoungGen      total 48128K, used 33279K [0x00000000f5580000, 0x00000000f9400000, 0x0000000100000000)
  eden space 33280K, 99% used [0x00000000f5580000,0x00000000f75fffd0,0x00000000f7600000)
  from space 14848K, 0% used [0x00000000f8500000,0x00000000f8500000,0x00000000f9380000)
  to   space 14336K, 0% used [0x00000000f7600000,0x00000000f7600000,0x00000000f8400000)
 ParOldGen       total 349696K, used 349694K [0x00000000e0000000, 0x00000000f5580000, 0x00000000f5580000)
  object space 349696K, 99% used [0x00000000e0000000,0x00000000f557f8c8,0x00000000f5580000)
 Metaspace       used 52057K, committed 52864K, reserved 1097728K
  class space    used 5159K, committed 5504K, reserved 1048576K
}
Event: 677.634 GC heap after
{Heap after GC invocations=553 (full 455):
 PSYoungGen      total 47616K, used 33279K [0x00000000f5580000, 0x00000000f9400000, 0x0000000100000000)
  eden space 33280K, 99% used [0x00000000f5580000,0x00000000f75fffd0,0x00000000f7600000)
  from space 14336K, 0% used [0x00000000f7600000,0x00000000f7600000,0x00000000f8400000)
  to   space 14848K, 0% used [0x00000000f8500000,0x00000000f8500000,0x00000000f9380000)
 ParOldGen       total 349696K, used 349694K [0x00000000e0000000, 0x00000000f5580000, 0x00000000f5580000)
  object space 349696K, 99% used [0x00000000e0000000,0x00000000f557f8c8,0x00000000f5580000)
 Metaspace       used 52057K, committed 52864K, reserved 1097728K
  class space    used 5159K, committed 5504K, reserved 1048576K
}
Event: 677.635 GC heap before
{Heap before GC invocations=554 (full 456):
 PSYoungGen      total 47616K, used 33280K [0x00000000f5580000, 0x00000000f9400000, 0x0000000100000000)
  eden space 33280K, 100% used [0x00000000f5580000,0x00000000f7600000,0x00000000f7600000)
  from space 14336K, 0% used [0x00000000f7600000,0x00000000f7600000,0x00000000f8400000)
  to   space 14848K, 0% used [0x00000000f8500000,0x00000000f8500000,0x00000000f9380000)
 ParOldGen       total 349696K, used 349695K [0x00000000e0000000, 0x00000000f5580000, 0x00000000f5580000)
  object space 349696K, 99% used [0x00000000e0000000,0x00000000f557fff8,0x00000000f5580000)
 Metaspace       used 52057K, committed 52864K, reserved 1097728K
  class space    used 5159K, committed 5504K, reserved 1048576K
}
Event: 679.007 GC heap after
{Heap after GC invocations=554 (full 456):
 PSYoungGen      total 48128K, used 33279K [0x00000000f5580000, 0x00000000f9400000, 0x0000000100000000)
  eden space 33280K, 99% used [0x00000000f5580000,0x00000000f75fffb8,0x00000000f7600000)
  from space 14848K, 0% used [0x00000000f8500000,0x00000000f8500000,0x00000000f9380000)
  to   space 14336K, 0% used [0x00000000f7600000,0x00000000f7600000,0x00000000f8400000)
 ParOldGen       total 349696K, used 349695K [0x00000000e0000000, 0x00000000f5580000, 0x00000000f5580000)
  object space 349696K, 99% used [0x00000000e0000000,0x00000000f557fc18,0x00000000f5580000)
 Metaspace       used 52057K, committed 52864K, reserved 1097728K
  class space    used 5159K, committed 5504K, reserved 1048576K
}
Event: 679.008 GC heap before
{Heap before GC invocations=555 (full 457):
 PSYoungGen      total 48128K, used 33279K [0x00000000f5580000, 0x00000000f9400000, 0x0000000100000000)
  eden space 33280K, 99% used [0x00000000f5580000,0x00000000f75ffff0,0x00000000f7600000)
  from space 14848K, 0% used [0x00000000f8500000,0x00000000f8500000,0x00000000f9380000)
  to   space 14336K, 0% used [0x00000000f7600000,0x00000000f7600000,0x00000000f8400000)
 ParOldGen       total 349696K, used 349695K [0x00000000e0000000, 0x00000000f5580000, 0x00000000f5580000)
  object space 349696K, 99% used [0x00000000e0000000,0x00000000f557fc18,0x00000000f5580000)
 Metaspace       used 52057K, committed 52864K, reserved 1097728K
  class space    used 5159K, committed 5504K, reserved 1048576K
}
Event: 680.224 GC heap after
{Heap after GC invocations=555 (full 457):
 PSYoungGen      total 47616K, used 33279K [0x00000000f5580000, 0x00000000f9400000, 0x0000000100000000)
  eden space 33280K, 99% used [0x00000000f5580000,0x00000000f75ffff0,0x00000000f7600000)
  from space 14336K, 0% used [0x00000000f7600000,0x00000000f7600000,0x00000000f8400000)
  to   space 14848K, 0% used [0x00000000f8500000,0x00000000f8500000,0x00000000f9380000)
 ParOldGen       total 349696K, used 349694K [0x00000000e0000000, 0x00000000f5580000, 0x00000000f5580000)
  object space 349696K, 99% used [0x00000000e0000000,0x00000000f557fbf8,0x00000000f5580000)
 Metaspace       used 52057K, committed 52864K, reserved 1097728K
  class space    used 5159K, committed 5504K, reserved 1048576K
}
Event: 680.225 GC heap before
{Heap before GC invocations=556 (full 458):
 PSYoungGen      total 47616K, used 33280K [0x00000000f5580000, 0x00000000f9400000, 0x0000000100000000)
  eden space 33280K, 100% used [0x00000000f5580000,0x00000000f7600000,0x00000000f7600000)
  from space 14336K, 0% used [0x00000000f7600000,0x00000000f7600000,0x00000000f8400000)
  to   space 14848K, 0% used [0x00000000f8500000,0x00000000f8500000,0x00000000f9380000)
 ParOldGen       total 349696K, used 349695K [0x00000000e0000000, 0x00000000f5580000, 0x00000000f5580000)
  object space 349696K, 99% used [0x00000000e0000000,0x00000000f557ffe0,0x00000000f5580000)
 Metaspace       used 52057K, committed 52864K, reserved 1097728K
  class space    used 5159K, committed 5504K, reserved 1048576K
}
Event: 681.546 GC heap after
{Heap after GC invocations=556 (full 458):
 PSYoungGen      total 48128K, used 33279K [0x00000000f5580000, 0x00000000f9400000, 0x0000000100000000)
  eden space 33280K, 99% used [0x00000000f5580000,0x00000000f75fffd0,0x00000000f7600000)
  from space 14848K, 0% used [0x00000000f8500000,0x00000000f8500000,0x00000000f9380000)
  to   space 14336K, 0% used [0x00000000f7600000,0x00000000f7600000,0x00000000f8400000)
 ParOldGen       total 349696K, used 349695K [0x00000000e0000000, 0x00000000f5580000, 0x00000000f5580000)
  object space 349696K, 99% used [0x00000000e0000000,0x00000000f557fc40,0x00000000f5580000)
 Metaspace       used 52057K, committed 52864K, reserved 1097728K
  class space    used 5159K, committed 5504K, reserved 1048576K
}
Event: 681.546 GC heap before
{Heap before GC invocations=557 (full 459):
 PSYoungGen      total 48128K, used 33279K [0x00000000f5580000, 0x00000000f9400000, 0x0000000100000000)
  eden space 33280K, 99% used [0x00000000f5580000,0x00000000f75fffd0,0x00000000f7600000)
  from space 14848K, 0% used [0x00000000f8500000,0x00000000f8500000,0x00000000f9380000)
  to   space 14336K, 0% used [0x00000000f7600000,0x00000000f7600000,0x00000000f8400000)
 ParOldGen       total 349696K, used 349695K [0x00000000e0000000, 0x00000000f5580000, 0x00000000f5580000)
  object space 349696K, 99% used [0x00000000e0000000,0x00000000f557fc40,0x00000000f5580000)
 Metaspace       used 52057K, committed 52864K, reserved 1097728K
  class space    used 5159K, committed 5504K, reserved 1048576K
}
Event: 682.920 GC heap after
{Heap after GC invocations=557 (full 459):
 PSYoungGen      total 47616K, used 33279K [0x00000000f5580000, 0x00000000f9400000, 0x0000000100000000)
  eden space 33280K, 99% used [0x00000000f5580000,0x00000000f75fffd0,0x00000000f7600000)
  from space 14336K, 0% used [0x00000000f7600000,0x00000000f7600000,0x00000000f8400000)
  to   space 14848K, 0% used [0x00000000f8500000,0x00000000f8500000,0x00000000f9380000)
 ParOldGen       total 349696K, used 349695K [0x00000000e0000000, 0x00000000f5580000, 0x00000000f5580000)
  object space 349696K, 99% used [0x00000000e0000000,0x00000000f557fc40,0x00000000f5580000)
 Metaspace       used 52057K, committed 52864K, reserved 1097728K
  class space    used 5159K, committed 5504K, reserved 1048576K
}

Dll operation events (9 events):
Event: 0.003 Loaded shared library /nix/store/gpxl5qgg8kicmcvivwmybwjlpf7wh20l-graalvm17-ce-22.3.0/lib/libjava.so
Event: 0.016 Loaded shared library /nix/store/gpxl5qgg8kicmcvivwmybwjlpf7wh20l-graalvm17-ce-22.3.0/lib/libjsvml.so
Event: 0.300 Loaded shared library /nix/store/gpxl5qgg8kicmcvivwmybwjlpf7wh20l-graalvm17-ce-22.3.0/lib/libnio.so
Event: 0.304 Loaded shared library /nix/store/gpxl5qgg8kicmcvivwmybwjlpf7wh20l-graalvm17-ce-22.3.0/lib/libjvmcicompiler.so
Event: 0.321 Loaded shared library /nix/store/gpxl5qgg8kicmcvivwmybwjlpf7wh20l-graalvm17-ce-22.3.0/lib/libzip.so
Event: 0.809 Loaded shared library /nix/store/gpxl5qgg8kicmcvivwmybwjlpf7wh20l-graalvm17-ce-22.3.0/lib/libjimage.so
Event: 1.405 Loaded shared library /nix/store/gpxl5qgg8kicmcvivwmybwjlpf7wh20l-graalvm17-ce-22.3.0/lib/libnet.so
Event: 5.920 Loaded shared library /home/runner/final-project-apcsa-ryan-wu/.cache/jdt-language-server/config/org.eclipse.equinox.launcher/org.eclipse.equinox.launcher.gtk.linux.x86_64_1.2.400.v20211117-0650/eclipse_11600.so
Event: 15.001 Loaded shared library /nix/store/gpxl5qgg8kicmcvivwmybwjlpf7wh20l-graalvm17-ce-22.3.0/lib/libextnet.so

Deoptimization events (20 events):
Event: 56.103 Thread 0x00007f3e84001130 DEOPT PACKING pc=0x00007f3efbc522e7 sp=0x00007f3ebfdfc9b0
Event: 56.103 Thread 0x00007f3e84001130 DEOPT UNPACKING pc=0x00007f3efb505325 sp=0x00007f3ebfdfbe58 mode 0
Event: 56.202 Thread 0x00007f3e84001130 DEOPT PACKING pc=0x00007f3efbc522e7 sp=0x00007f3ebfdfd530
Event: 56.202 Thread 0x00007f3e84001130 DEOPT UNPACKING pc=0x00007f3efb505325 sp=0x00007f3ebfdfc9d8 mode 0
Event: 56.210 Thread 0x00007f3e84001130 DEOPT PACKING pc=0x00007f3efbc522e7 sp=0x00007f3ebfdfcec0
Event: 56.210 Thread 0x00007f3e84001130 DEOPT UNPACKING pc=0x00007f3efb505325 sp=0x00007f3ebfdfc368 mode 0
Event: 56.213 Thread 0x00007f3e84001130 DEOPT PACKING pc=0x00007f3efbc522e7 sp=0x00007f3ebfdfcb30
Event: 56.213 Thread 0x00007f3e84001130 DEOPT UNPACKING pc=0x00007f3efb505325 sp=0x00007f3ebfdfbff8 mode 0
Event: 56.400 Thread 0x00007f3e84001130 DEOPT PACKING pc=0x00007f3efbc522e7 sp=0x00007f3ebfdfd6b0
Event: 56.400 Thread 0x00007f3e84001130 DEOPT UNPACKING pc=0x00007f3efb505325 sp=0x00007f3ebfdfcb58 mode 0
Event: 56.404 Thread 0x00007f3e84001130 DEOPT PACKING pc=0x00007f3efbc522e7 sp=0x00007f3ebfdfd540
Event: 56.404 Thread 0x00007f3e84001130 DEOPT UNPACKING pc=0x00007f3efb505325 sp=0x00007f3ebfdfc9e8 mode 0
Event: 56.500 Thread 0x00007f3e84001130 DEOPT PACKING pc=0x00007f3efc2c5106 sp=0x00007f3ebfdfdb00
Event: 56.500 Thread 0x00007f3e84001130 DEOPT UNPACKING pc=0x00007f3efb505325 sp=0x00007f3ebfdfcfb8 mode 0
Event: 153.328 Thread 0x00007f3e9c0010d0 Uncommon trap: trap_request=0xffffffed fr.pc=0x00007f3f031b1749 relative=0x00000000000016e9
Event: 153.328 Thread 0x00007f3e9c0010d0 Uncommon trap: reason=null_assert_or_unreached0 action=reinterpret pc=0x00007f3f031b1749 method=org.eclipse.jdt.internal.compiler.parser.Parser.consumeRule(I)V @ 0 jvmci
Event: 153.328 Thread 0x00007f3e9c0010d0 DEOPT PACKING pc=0x00007f3f031b1749 sp=0x00007f3ec07fdfb0
Event: 153.328 Thread 0x00007f3e9c0010d0 DEOPT UNPACKING pc=0x00007f3efb505325 sp=0x00007f3ec07fd458 mode 3
Event: 593.925 Thread 0x00007f3f140b1dd0 DEOPT PACKING pc=0x00007f3efc3a9c3a sp=0x00007f3ef9617ef0
Event: 593.925 Thread 0x00007f3f140b1dd0 DEOPT UNPACKING pc=0x00007f3efb505325 sp=0x00007f3ef9617458 mode 0

Classes unloaded (20 events):
Event: 150.013 Thread 0x00007f3f140a17c0 Unloading class 0x0000000800d05800 'java/lang/invoke/LambdaForm$MH+0x0000000800d05800'
Event: 150.013 Thread 0x00007f3f140a17c0 Unloading class 0x0000000800d05000 'java/lang/invoke/LambdaForm$MH+0x0000000800d05000'
Event: 150.013 Thread 0x00007f3f140a17c0 Unloading class 0x0000000800d04c00 'java/lang/invoke/LambdaForm$MH+0x0000000800d04c00'
Event: 150.013 Thread 0x00007f3f140a17c0 Unloading class 0x0000000800d04800 'java/lang/invoke/LambdaForm$MH+0x0000000800d04800'
Event: 154.221 Thread 0x00007f3f140a17c0 Unloading class 0x0000000800ee9000 'jdk/internal/reflect/GeneratedConstructorAccessor12'
Event: 154.221 Thread 0x00007f3f140a17c0 Unloading class 0x0000000800ee8800 'jdk/internal/reflect/GeneratedConstructorAccessor10'
Event: 154.221 Thread 0x00007f3f140a17c0 Unloading class 0x0000000800ee8400 'jdk/internal/reflect/GeneratedConstructorAccessor9'
Event: 154.221 Thread 0x00007f3f140a17c0 Unloading class 0x0000000800ee8000 'jdk/internal/reflect/GeneratedConstructorAccessor8'
Event: 157.221 Thread 0x00007f3f140a17c0 Unloading class 0x000000080109cc00 'jdk/internal/reflect/GeneratedSerializationConstructorAccessor4'
Event: 157.221 Thread 0x00007f3f140a17c0 Unloading class 0x000000080109c800 'jdk/internal/reflect/GeneratedSerializationConstructorAccessor3'
Event: 157.221 Thread 0x00007f3f140a17c0 Unloading class 0x0000000801092400 'jdk/internal/reflect/GeneratedSerializationConstructorAccessor2'
Event: 157.221 Thread 0x00007f3f140a17c0 Unloading class 0x0000000801092000 'jdk/internal/reflect/GeneratedSerializationConstructorAccessor1'
Event: 157.221 Thread 0x00007f3f140a17c0 Unloading class 0x0000000801069400 'java/lang/invoke/LambdaForm$MH+0x0000000801069400'
Event: 157.221 Thread 0x00007f3f140a17c0 Unloading class 0x0000000801069000 'java/lang/invoke/LambdaForm$MH+0x0000000801069000'
Event: 157.221 Thread 0x00007f3f140a17c0 Unloading class 0x0000000801068c00 'java/lang/invoke/LambdaForm$MH+0x0000000801068c00'
Event: 157.221 Thread 0x00007f3f140a17c0 Unloading class 0x0000000801068800 'java/lang/invoke/LambdaForm$MH+0x0000000801068800'
Event: 157.221 Thread 0x00007f3f140a17c0 Unloading class 0x0000000801068400 'java/lang/invoke/LambdaForm$MH+0x0000000801068400'
Event: 157.221 Thread 0x00007f3f140a17c0 Unloading class 0x0000000801068000 'java/lang/invoke/LambdaForm$MH+0x0000000801068000'
Event: 157.221 Thread 0x00007f3f140a17c0 Unloading class 0x0000000800d98400 'java/lang/invoke/LambdaForm$MH+0x0000000800d98400'
Event: 157.221 Thread 0x00007f3f140a17c0 Unloading class 0x0000000800d04000 'java/lang/invoke/LambdaForm$MH+0x0000000800d04000'

Classes redefined (0 events):
No events

Internal exceptions (20 events):
Event: 19.802 Thread 0x00007f3ea8304e40 Exception <a 'java/io/FileNotFoundException'{0x00000000f59239f0}> (0x00000000f59239f0) 
thrown [src/hotspot/share/prims/jni.cpp, line 516]
Event: 19.802 Thread 0x00007f3ea8304e40 Exception <a 'java/io/FileNotFoundException'{0x00000000f5924ac8}> (0x00000000f5924ac8) 
thrown [src/hotspot/share/prims/jni.cpp, line 516]
Event: 22.206 Thread 0x00007f3ea8482840 Implicit null exception at 0x00007f3f030e61b0 to 0x00007f3f030e6257
Event: 22.702 Thread 0x00007f3e84001130 Exception <a 'java/lang/NoSuchMethodError'{0x00000000f601dec8}: 'java.lang.Object java.lang.invoke.DirectMethodHandle$Holder.newInvokeSpecial(java.lang.Object, java.lang.Object, java.lang.Object, java.lang.Object, java.lang.Object, java.lang.Object)'> (0x00000000f601dec8) 
thrown [src/hotspot/share/interpreter/linkResolver.cpp, line 758]
Event: 22.797 Thread 0x00007f3e84001130 Exception <a 'sun/nio/fs/UnixException'{0x00000000f6204a60}> (0x00000000f6204a60) 
thrown [src/hotspot/share/prims/jni.cpp, line 516]
Event: 22.799 Thread 0x00007f3e84001130 Exception <a 'sun/nio/fs/UnixException'{0x00000000f621e818}> (0x00000000f621e818) 
thrown [src/hotspot/share/prims/jni.cpp, line 516]
Event: 23.113 Thread 0x00007f3f143acd10 Exception <a 'java/lang/NoSuchMethodError'{0x00000000f572f1e0}: 'java.lang.Object java.lang.invoke.DirectMethodHandle$Holder.invokeInterface(java.lang.Object, java.lang.Object, java.lang.Object)'> (0x00000000f572f1e0) 
thrown [src/hotspot/share/interpreter/linkResolver.cpp, line 758]
Event: 23.200 Thread 0x00007f3e9c0010d0 Exception <a 'java/lang/NoSuchMethodError'{0x00000000f58afb88}: 'java.lang.Object java.lang.invoke.DirectMethodHandle$Holder.newInvokeSpecial(java.lang.Object, java.lang.Object, java.lang.Object, java.lang.Object, java.lang.Object, java.lang.Object, java.lang.Object, java.lang.Object)'> (0x00000000f58afb88) 
thrown [src/hotspot/share/interpreter/linkResolver.cpp, line 758]
Event: 23.200 Thread 0x00007f3e9c0010d0 Exception <a 'java/lang/NoSuchMethodError'{0x00000000f58b4eb8}: 'java.lang.Object java.lang.invoke.DirectMethodHandle$Holder.invokeSpecial(java.lang.Object, java.lang.Object, java.lang.Object, java.lang.Object, java.lang.Object, java.lang.Object, java.lang.Object, java.lang.Object, java.lang.Object)'> (0x00000000f58b4eb8) 
thrown [src/hotspot/share/interpreter/linkResolver.cpp, line 758]
Event: 23.201 Thread 0x00007f3e9c0010d0 Exception <a 'java/lang/NoSuchMethodError'{0x00000000f58b9ad8}: 'java.lang.Object java.lang.invoke.Invokers$Holder.linkToTargetMethod(java.lang.Object, java.lang.Object, java.lang.Object, java.lang.Object, java.lang.Object, java.lang.Object, java.lang.Object, java.lang.Object)'> (0x00000000f58b9ad8) 
thrown [src/hotspot/share/interpreter/linkResolver.cpp, line 758]
Event: 24.096 Thread 0x00007f3f143acd10 Exception <a 'sun/nio/fs/UnixException'{0x00000000f5812148}> (0x00000000f5812148) 
thrown [src/hotspot/share/prims/jni.cpp, line 516]
Event: 24.104 Thread 0x00007f3f143acd10 Exception <a 'sun/nio/fs/UnixException'{0x00000000f596bb38}> (0x00000000f596bb38) 
thrown [src/hotspot/share/prims/jni.cpp, line 516]
Event: 24.902 Thread 0x00007f3f143acd10 Exception <a 'java/lang/NoSuchMethodError'{0x00000000f5cc02e0}: 'int java.lang.invoke.DirectMethodHandle$Holder.invokeStatic(java.lang.Object, java.lang.Object, java.lang.Object, int)'> (0x00000000f5cc02e0) 
thrown [src/hotspot/share/interpreter/linkResolver.cpp, line 758]
Event: 25.100 Thread 0x00007f3f143acd10 Exception <a 'java/lang/NoSuchMethodError'{0x00000000f603b1e8}: 'int java.lang.invoke.DirectMethodHandle$Holder.invokeVirtual(java.lang.Object, java.lang.Object, java.lang.Object)'> (0x00000000f603b1e8) 
thrown [src/hotspot/share/interpreter/linkResolver.cpp, line 758]
Event: 25.200 Thread 0x00007f3f143acd10 Exception <a 'java/io/FileNotFoundException'{0x00000000f63a2a28}> (0x00000000f63a2a28) 
thrown [src/hotspot/share/prims/jni.cpp, line 516]
Event: 26.816 Thread 0x00007f3ea8304e40 Exception <a 'java/io/FileNotFoundException'{0x00000000f56cbd60}> (0x00000000f56cbd60) 
thrown [src/hotspot/share/prims/jni.cpp, line 516]
Event: 26.816 Thread 0x00007f3ea8304e40 Exception <a 'java/io/FileNotFoundException'{0x00000000f56cce48}> (0x00000000f56cce48) 
thrown [src/hotspot/share/prims/jni.cpp, line 516]
Event: 56.005 Thread 0x00007f3e84001130 Implicit null exception at 0x00007f3f030f7dda to 0x00007f3f030f8157
Event: 164.029 Thread 0x00007f3e781a88c0 Exception <a 'java/lang/ArrayIndexOutOfBoundsException'{0x00000000f75b7680}: Index 2034 out of bounds for length 2034> (0x00000000f75b7680) 
thrown [src/hotspot/share/interpreter/interpreterRuntime.cpp, line 428]
Event: 682.920 Thread 0x00007f3f140b1dd0 Exception <a 'java/lang/OutOfMemoryError'{0x00000000e0010640}> (0x00000000e0010640) 
thrown [src/hotspot/share/gc/shared/memAllocator.cpp, line 136]

VM Operations (20 events):
Event: 668.617 Executing VM operation: ParallelGCFailedAllocation
Event: 669.953 Executing VM operation: ParallelGCFailedAllocation done
Event: 669.953 Executing VM operation: ParallelGCFailedAllocation
Event: 671.204 Executing VM operation: ParallelGCFailedAllocation done
Event: 671.204 Executing VM operation: ParallelGCFailedAllocation
Event: 672.509 Executing VM operation: ParallelGCFailedAllocation done
Event: 672.509 Executing VM operation: ParallelGCFailedAllocation
Event: 673.725 Executing VM operation: ParallelGCFailedAllocation done
Event: 673.725 Executing VM operation: ParallelGCFailedAllocation
Event: 675.042 Executing VM operation: ParallelGCFailedAllocation done
Event: 675.042 Executing VM operation: ParallelGCFailedAllocation
Event: 676.438 Executing VM operation: ParallelGCFailedAllocation done
Event: 676.438 Executing VM operation: ParallelGCFailedAllocation
Event: 677.634 Executing VM operation: ParallelGCFailedAllocation done
Event: 677.635 Executing VM operation: ParallelGCFailedAllocation
Event: 679.008 Executing VM operation: ParallelGCFailedAllocation done
Event: 679.008 Executing VM operation: ParallelGCFailedAllocation
Event: 680.225 Executing VM operation: ParallelGCFailedAllocation done
Event: 680.225 Executing VM operation: ParallelGCFailedAllocation
Event: 682.920 Executing VM operation: ParallelGCFailedAllocation done

Events (20 events):
Event: 119.299 Thread 0x00007f3e84001130 Thread exited: 0x00007f3e84001130
Event: 127.332 Thread 0x00007f3ea8304e40 Thread exited: 0x00007f3ea8304e40
Event: 144.998 Thread 0x00007f3e9003f100 Thread added: 0x00007f3e9003f100
Event: 144.998 Protecting memory [0x00007f3ec0900000,0x00007f3ec0904000] with protection modes 0
Event: 157.726 Thread 0x00007f3e781a88c0 Thread added: 0x00007f3e781a88c0
Event: 157.797 Protecting memory [0x00007f3ebfd00000,0x00007f3ebfd04000] with protection modes 0
Event: 164.015 Thread 0x00007f3f140b4730 flushing nmethod 0x00007f3efba7de10
Event: 164.016 Thread 0x00007f3f140b4730 flushing nmethod 0x00007f3efbad1c90
Event: 164.032 loading class java/util/Spliterators$IntArraySpliterator
Event: 164.032 loading class java/util/Spliterators$IntArraySpliterator done
Event: 164.033 loading class java/util/stream/Nodes$IntSpinedNodeBuilder
Event: 164.033 loading class java/util/stream/Node$Builder$OfInt
Event: 164.033 loading class java/util/stream/Node$Builder$OfInt done
Event: 165.727 loading class java/util/stream/SpinedBuffer$OfInt
Event: 165.727 loading class java/util/stream/SpinedBuffer$OfPrimitive
Event: 165.727 loading class java/util/stream/SpinedBuffer$OfPrimitive done
Event: 165.800 loading class java/util/stream/SpinedBuffer$OfInt done
Event: 165.800 loading class java/util/stream/Nodes$IntSpinedNodeBuilder done
Event: 365.927 Thread 0x00007f3e90039db0 Thread added: 0x00007f3e90039db0
Event: 365.927 Protecting memory [0x00007f3ef8900000,0x00007f3ef8904000] with protection modes 0


Dynamic libraries:
e0000000-f4680000 rw-p 00000000 00:00 0 
f4680000-f9400000 rw-p 00000000 00:00 0 
f9400000-100000000 ---p 00000000 00:00 0 
800000000-800449000 rw-p 00001000 00:781 707969865                       /nix/store/gpxl5qgg8kicmcvivwmybwjlpf7wh20l-graalvm17-ce-22.3.0/lib/server/classes.jsa
800449000-800bc8000 r--p 0044a000 00:781 707969865                       /nix/store/gpxl5qgg8kicmcvivwmybwjlpf7wh20l-graalvm17-ce-22.3.0/lib/server/classes.jsa
800bc8000-800c00000 ---p 00000000 00:00 0 
800c00000-800c10000 rw-p 00000000 00:00 0 
800c10000-800c30000 rw-p 00000000 00:00 0 
800c30000-800cb0000 rw-p 00000000 00:00 0 
800cb0000-800cf0000 rw-p 00000000 00:00 0 
800cf0000-800db0000 rw-p 00000000 00:00 0 
800db0000-800df0000 rw-p 00000000 00:00 0 
800df0000-800f30000 rw-p 00000000 00:00 0 
800f30000-800fb0000 rw-p 00000000 00:00 0 
800fb0000-800ff0000 rw-p 00000000 00:00 0 
800ff0000-801000000 ---p 00000000 00:00 0 
801000000-801170000 rw-p 00000000 00:00 0 
801170000-840c00000 ---p 00000000 00:00 0 
55d581ab9000-55d581aba000 r-xp 00000000 00:781 672029940                 /nix/store/gpxl5qgg8kicmcvivwmybwjlpf7wh20l-graalvm17-ce-22.3.0/bin/.java-wrapped
55d581abb000-55d581abc000 r--p 00001000 00:781 672029940                 /nix/store/gpxl5qgg8kicmcvivwmybwjlpf7wh20l-graalvm17-ce-22.3.0/bin/.java-wrapped
55d581abc000-55d581abd000 rw-p 00002000 00:781 672029940                 /nix/store/gpxl5qgg8kicmcvivwmybwjlpf7wh20l-graalvm17-ce-22.3.0/bin/.java-wrapped
55d581abd000-55d581abe000 rw-p 00004000 00:781 672029940                 /nix/store/gpxl5qgg8kicmcvivwmybwjlpf7wh20l-graalvm17-ce-22.3.0/bin/.java-wrapped
55d581abe000-55d581abf000 rw-p 00005000 00:781 672029940                 /nix/store/gpxl5qgg8kicmcvivwmybwjlpf7wh20l-graalvm17-ce-22.3.0/bin/.java-wrapped
55d581c9f000-55d581ce7000 rw-p 00000000 00:00 0                          [heap]
7f3e50000000-7f3e50021000 rw-p 00000000 00:00 0 
7f3e50021000-7f3e54000000 ---p 00000000 00:00 0 
7f3e58000000-7f3e58021000 rw-p 00000000 00:00 0 
7f3e58021000-7f3e5c000000 ---p 00000000 00:00 0 
7f3e60000000-7f3e60021000 rw-p 00000000 00:00 0 
7f3e60021000-7f3e64000000 ---p 00000000 00:00 0 
7f3e664b3000-7f3e70000000 r--s 00000000 00:781 707804677                 /nix/store/gpxl5qgg8kicmcvivwmybwjlpf7wh20l-graalvm17-ce-22.3.0/lib/modules
7f3e70000000-7f3e70021000 rw-p 00000000 00:00 0 
7f3e70021000-7f3e74000000 ---p 00000000 00:00 0 
7f3e74000000-7f3e74038000 rw-p 00000000 00:00 0 
7f3e74038000-7f3e78000000 ---p 00000000 00:00 0 
7f3e78000000-7f3e7827d000 rw-p 00000000 00:00 0 
7f3e7827d000-7f3e7c000000 ---p 00000000 00:00 0 
7f3e7c000000-7f3e7c138000 rw-p 00000000 00:00 0 
7f3e7c138000-7f3e80000000 ---p 00000000 00:00 0 
7f3e80000000-7f3e80021000 rw-p 00000000 00:00 0 
7f3e80021000-7f3e84000000 ---p 00000000 00:00 0 
7f3e84000000-7f3e84113000 rw-p 00000000 00:00 0 
7f3e84113000-7f3e88000000 ---p 00000000 00:00 0 
7f3e88000000-7f3e88021000 rw-p 00000000 00:00 0 
7f3e88021000-7f3e8c000000 ---p 00000000 00:00 0 
7f3e8e000000-7f3e8e640000 rw-p 00000000 00:00 0 
7f3e8e640000-7f3e8e800000 ---p 00000000 00:00 0 
7f3e8e800000-7f3e8e8f0000 rw-p 00000000 00:00 0 
7f3e8e8f0000-7f3e8e9f0000 rw-p 00000000 00:00 0 
7f3e8e9f0000-7f3e8eff0000 rw-p 00000000 00:00 0 
7f3e8eff0000-7f3e8f0f0000 rw-p 00000000 00:00 0 
7f3e8f0f0000-7f3e8f2f0000 rw-p 00000000 00:00 0 
7f3e8f2f0000-7f3e8f4f0000 rw-p 00000000 00:00 0 
7f3e8f4f0000-7f3e8f7f0000 rw-p 00000000 00:00 0 
7f3e8f7f0000-7f3e8f8f0000 rw-p 00000000 00:00 0 
7f3e8f8f0000-7f3e8f9f0000 rw-p 00000000 00:00 0 
7f3e8f9f0000-7f3e8ff70000 rw-p 00000000 00:00 0 
7f3e8ff70000-7f3e90000000 rw-p 00000000 00:00 0 
7f3e90000000-7f3e9006c000 rw-p 00000000 00:00 0 
7f3e9006c000-7f3e94000000 ---p 00000000 00:00 0 
7f3e94000000-7f3e9406e000 rw-p 00000000 00:00 0 
7f3e9406e000-7f3e98000000 ---p 00000000 00:00 0 
7f3e98000000-7f3e98021000 rw-p 00000000 00:00 0 
7f3e98021000-7f3e9c000000 ---p 00000000 00:00 0 
7f3e9c000000-7f3e9c318000 rw-p 00000000 00:00 0 
7f3e9c318000-7f3ea0000000 ---p 00000000 00:00 0 
7f3ea0000000-7f3ea0021000 rw-p 00000000 00:00 0 
7f3ea0021000-7f3ea4000000 ---p 00000000 00:00 0 
7f3ea4000000-7f3ea409a000 rw-p 00000000 00:00 0 
7f3ea409a000-7f3ea8000000 ---p 00000000 00:00 0 
7f3ea8000000-7f3ea88c3000 rw-p 00000000 00:00 0 
7f3ea88c3000-7f3eac000000 ---p 00000000 00:00 0 
7f3eac000000-7f3eac025000 rw-p 00000000 00:00 0 
7f3eac025000-7f3eb0000000 ---p 00000000 00:00 0 
7f3eb0000000-7f3eb0021000 rw-p 00000000 00:00 0 
7f3eb0021000-7f3eb4000000 ---p 00000000 00:00 0 
7f3eb4000000-7f3eb4021000 rw-p 00000000 00:00 0 
7f3eb4021000-7f3eb8000000 ---p 00000000 00:00 0 
7f3eb8000000-7f3eb8021000 rw-p 00000000 00:00 0 
7f3eb8021000-7f3ebc000000 ---p 00000000 00:00 0 
7f3ebc400000-7f3ebc4f0000 rw-p 00000000 00:00 0 
7f3ebc4f0000-7f3ebc5f0000 rw-p 00000000 00:00 0 
7f3ebc5f0000-7f3ebc8f0000 rw-p 00000000 00:00 0 
7f3ebc8f0000-7f3ebc9f0000 rw-p 00000000 00:00 0 
7f3ebc9f0000-7f3ebcc00000 rw-p 00000000 00:00 0 
7f3ebce00000-7f3ebce10000 r-xp 00000000 00:748 351                       /home/runner/final-project-apcsa-ryan-wu/.cache/jdt-language-server/config/org.eclipse.equinox.launcher/org.eclipse.equinox.launcher.gtk.linux.x86_64_1.2.400.v20211117-0650/eclipse_11600.so
7f3ebce10000-7f3ebd00f000 ---p 00010000 00:748 351                       /home/runner/final-project-apcsa-ryan-wu/.cache/jdt-language-server/config/org.eclipse.equinox.launcher/org.eclipse.equinox.launcher.gtk.linux.x86_64_1.2.400.v20211117-0650/eclipse_11600.so
7f3ebd00f000-7f3ebd010000 r--p 0000f000 00:748 351                       /home/runner/final-project-apcsa-ryan-wu/.cache/jdt-language-server/config/org.eclipse.equinox.launcher/org.eclipse.equinox.launcher.gtk.linux.x86_64_1.2.400.v20211117-0650/eclipse_11600.so
7f3ebd010000-7f3ebd011000 rw-p 00010000 00:748 351                       /home/runner/final-project-apcsa-ryan-wu/.cache/jdt-language-server/config/org.eclipse.equinox.launcher/org.eclipse.equinox.launcher.gtk.linux.x86_64_1.2.400.v20211117-0650/eclipse_11600.so
7f3ebe900000-7f3ebea00000 ---p 00000000 00:00 0 
7f3ebea00000-7f3ebefaf000 r--p 01122000 00:781 707802136                 /nix/store/gpxl5qgg8kicmcvivwmybwjlpf7wh20l-graalvm17-ce-22.3.0/lib/libjvmcicompiler.so
7f3ebefaf000-7f3ebf100000 r--p 00000000 00:00 0 
7f3ebf100000-7f3ebf13d000 rw-p 00000000 00:00 0 
7f3ebf13d000-7f3ebf65d000 rw-p 0185f000 00:781 707802136                 /nix/store/gpxl5qgg8kicmcvivwmybwjlpf7wh20l-graalvm17-ce-22.3.0/lib/libjvmcicompiler.so
7f3ebf65d000-7f3ebfa44000 r--p 01d7f000 00:781 707802136                 /nix/store/gpxl5qgg8kicmcvivwmybwjlpf7wh20l-graalvm17-ce-22.3.0/lib/libjvmcicompiler.so
7f3ebfb00000-7f3ebfb04000 ---p 00000000 00:00 0 
7f3ebfb04000-7f3ebfc00000 rw-p 00000000 00:00 0 
7f3ebfd00000-7f3ebfd04000 ---p 00000000 00:00 0 
7f3ebfd04000-7f3ebfe00000 rw-p 00000000 00:00 0 
7f3ebff00000-7f3ebff04000 ---p 00000000 00:00 0 
7f3ebff04000-7f3ec0000000 rw-p 00000000 00:00 0 
7f3ec0100000-7f3ec0104000 ---p 00000000 00:00 0 
7f3ec0104000-7f3ec0200000 rw-p 00000000 00:00 0 
7f3ec0300000-7f3ec0304000 ---p 00000000 00:00 0 
7f3ec0304000-7f3ec0400000 rw-p 00000000 00:00 0 
7f3ec0500000-7f3ec0504000 ---p 00000000 00:00 0 
7f3ec0504000-7f3ec0600000 rw-p 00000000 00:00 0 
7f3ec0600000-7f3ec0604000 ---p 00000000 00:00 0 
7f3ec0604000-7f3ec0700000 rw-p 00000000 00:00 0 
7f3ec0700000-7f3ec0704000 ---p 00000000 00:00 0 
7f3ec0704000-7f3ec0800000 rw-p 00000000 00:00 0 
7f3ec0900000-7f3ec0904000 ---p 00000000 00:00 0 
7f3ec0904000-7f3ec0a00000 rw-p 00000000 00:00 0 
7f3ec1668000-7f3ec1b00000 rw-p 00000000 00:00 0 
7f3ec1c00000-7f3ec3d6a000 r-xp 00000000 00:781 707802136                 /nix/store/gpxl5qgg8kicmcvivwmybwjlpf7wh20l-graalvm17-ce-22.3.0/lib/libjvmcicompiler.so
7f3ec3d6a000-7f3ec3f69000 ---p 0216a000 00:781 707802136                 /nix/store/gpxl5qgg8kicmcvivwmybwjlpf7wh20l-graalvm17-ce-22.3.0/lib/libjvmcicompiler.so
7f3ec3f69000-7f3ec3f6a000 r--p 02169000 00:781 707802136                 /nix/store/gpxl5qgg8kicmcvivwmybwjlpf7wh20l-graalvm17-ce-22.3.0/lib/libjvmcicompiler.so
7f3ec3f6a000-7f3ec3f6c000 rw-p 0216a000 00:781 707802136                 /nix/store/gpxl5qgg8kicmcvivwmybwjlpf7wh20l-graalvm17-ce-22.3.0/lib/libjvmcicompiler.so
7f3ec3f6c000-7f3ec3f6d000 rw-p 00000000 00:00 0 
7f3ec3f6d000-7f3ec3f72000 rw-p 023c3000 00:781 707802136                 /nix/store/gpxl5qgg8kicmcvivwmybwjlpf7wh20l-graalvm17-ce-22.3.0/lib/libjvmcicompiler.so
7f3ec4000000-7f3ec4021000 rw-p 00000000 00:00 0 
7f3ec4021000-7f3ec8000000 ---p 00000000 00:00 0 
7f3ec8000000-7f3ec8021000 rw-p 00000000 00:00 0 
7f3ec8021000-7f3ecc000000 ---p 00000000 00:00 0 
7f3ecc000000-7f3ecc021000 rw-p 00000000 00:00 0 
7f3ecc021000-7f3ed0000000 ---p 00000000 00:00 0 
7f3ed0000000-7f3ed0021000 rw-p 00000000 00:00 0 
7f3ed0021000-7f3ed4000000 ---p 00000000 00:00 0 
7f3ed4000000-7f3ed40d7000 rw-p 00000000 00:00 0 
7f3ed40d7000-7f3ed8000000 ---p 00000000 00:00 0 
7f3ed8000000-7f3ed8b24000 rw-p 00000000 00:00 0 
7f3ed8b24000-7f3edc000000 ---p 00000000 00:00 0 
7f3edc000000-7f3edc021000 rw-p 00000000 00:00 0 
7f3edc021000-7f3ee0000000 ---p 00000000 00:00 0 
7f3ee0000000-7f3ee0021000 rw-p 00000000 00:00 0 
7f3ee0021000-7f3ee4000000 ---p 00000000 00:00 0 
7f3ee4000000-7f3ee4021000 rw-p 00000000 00:00 0 
7f3ee4021000-7f3ee8000000 ---p 00000000 00:00 0 
7f3ee8000000-7f3ee8021000 rw-p 00000000 00:00 0 
7f3ee8021000-7f3eec000000 ---p 00000000 00:00 0 
7f3eec000000-7f3eec021000 rw-p 00000000 00:00 0 
7f3eec021000-7f3ef0000000 ---p 00000000 00:00 0 
7f3ef0000000-7f3ef0021000 rw-p 00000000 00:00 0 
7f3ef0021000-7f3ef4000000 ---p 00000000 00:00 0 
7f3ef4000000-7f3ef4057000 rw-p 00000000 00:00 0 
7f3ef4057000-7f3ef8000000 ---p 00000000 00:00 0 
7f3ef8000000-7f3ef8004000 ---p 00000000 00:00 0 
7f3ef8004000-7f3ef8100000 rw-p 00000000 00:00 0 
7f3ef8100000-7f3ef8104000 ---p 00000000 00:00 0 
7f3ef8104000-7f3ef8200000 rw-p 00000000 00:00 0 
7f3ef8200000-7f3ef8204000 ---p 00000000 00:00 0 
7f3ef8204000-7f3ef8300000 rw-p 00000000 00:00 0 
7f3ef8400000-7f3ef8404000 ---p 00000000 00:00 0 
7f3ef8404000-7f3ef8500000 rw-p 00000000 00:00 0 
7f3ef8600000-7f3ef8604000 ---p 00000000 00:00 0 
7f3ef8604000-7f3ef8700000 rw-p 00000000 00:00 0 
7f3ef8700000-7f3ef8704000 ---p 00000000 00:00 0 
7f3ef8704000-7f3ef8800000 rw-p 00000000 00:00 0 
7f3ef8800000-7f3ef8804000 ---p 00000000 00:00 0 
7f3ef8804000-7f3ef8900000 rw-p 00000000 00:00 0 
7f3ef8900000-7f3ef8904000 ---p 00000000 00:00 0 
7f3ef8904000-7f3ef8a00000 rw-p 00000000 00:00 0 
7f3ef8a00000-7f3ef8a04000 ---p 00000000 00:00 0 
7f3ef8a04000-7f3ef8b00000 rw-p 00000000 00:00 0 
7f3ef8b00000-7f3ef8b04000 ---p 00000000 00:00 0 
7f3ef8b04000-7f3ef8c00000 rw-p 00000000 00:00 0 
7f3ef8c00000-7f3ef8c04000 ---p 00000000 00:00 0 
7f3ef8c04000-7f3ef8d00000 rw-p 00000000 00:00 0 
7f3ef8d18000-7f3ef8d1c000 ---p 00000000 00:00 0 
7f3ef8d1c000-7f3ef8e18000 rw-p 00000000 00:00 0 
7f3ef8e18000-7f3ef8e19000 ---p 00000000 00:00 0 
7f3ef8e19000-7f3ef8f1a000 rw-p 00000000 00:00 0 
7f3ef8f1a000-7f3ef8f1e000 ---p 00000000 00:00 0 
7f3ef8f1e000-7f3ef901a000 rw-p 00000000 00:00 0 
7f3ef901a000-7f3ef901e000 ---p 00000000 00:00 0 
7f3ef901e000-7f3ef911a000 rw-p 00000000 00:00 0 
7f3ef911a000-7f3ef911e000 ---p 00000000 00:00 0 
7f3ef911e000-7f3ef921a000 rw-p 00000000 00:00 0 
7f3ef921a000-7f3ef921e000 ---p 00000000 00:00 0 
7f3ef921e000-7f3ef941a000 rw-p 00000000 00:00 0 
7f3ef941a000-7f3ef941e000 ---p 00000000 00:00 0 
7f3ef941e000-7f3ef961a000 rw-p 00000000 00:00 0 
7f3ef961a000-7f3ef961e000 ---p 00000000 00:00 0 
7f3ef961e000-7f3ef971a000 rw-p 00000000 00:00 0 
7f3ef971a000-7f3ef971e000 ---p 00000000 00:00 0 
7f3ef971e000-7f3ef981a000 rw-p 00000000 00:00 0 
7f3ef981a000-7f3ef981e000 ---p 00000000 00:00 0 
7f3ef981e000-7f3ef991a000 rw-p 00000000 00:00 0 
7f3ef991a000-7f3ef9c00000 r--p 00000000 00:56f 28444448                  /usr/lib/locale/locale-archive
7f3ef9c00000-7f3ef9ff0000 rw-p 00000000 00:00 0 
7f3ef9ff0000-7f3efa2f0000 rw-p 00000000 00:00 0 
7f3efa2f0000-7f3efa400000 rw-p 00000000 00:00 0 
7f3efa491000-7f3efa495000 ---p 00000000 00:00 0 
7f3efa495000-7f3efb4b3000 rw-p 00000000 00:00 0 
7f3efb4b3000-7f3efb723000 rwxp 00000000 00:00 0 
7f3efb723000-7f3efba42000 ---p 00000000 00:00 0 
7f3efba42000-7f3efc792000 rwxp 00000000 00:00 0 
7f3efc792000-7f3f02f7a000 ---p 00000000 00:00 0 
7f3f02f7a000-7f3f031ea000 rwxp 00000000 00:00 0 
7f3f031ea000-7f3f0a4b3000 ---p 00000000 00:00 0 
7f3f0a4b3000-7f3f14000000 r--s 00000000 00:781 707804677                 /nix/store/gpxl5qgg8kicmcvivwmybwjlpf7wh20l-graalvm17-ce-22.3.0/lib/modules
7f3f14000000-7f3f14603000 rw-p 00000000 00:00 0 
7f3f14603000-7f3f18000000 ---p 00000000 00:00 0 
7f3f1800e000-7f3f18010000 r-xp 00000000 00:781 707802113                 /nix/store/gpxl5qgg8kicmcvivwmybwjlpf7wh20l-graalvm17-ce-22.3.0/lib/libextnet.so
7f3f18010000-7f3f18011000 r--p 00001000 00:781 707802113                 /nix/store/gpxl5qgg8kicmcvivwmybwjlpf7wh20l-graalvm17-ce-22.3.0/lib/libextnet.so
7f3f18011000-7f3f18012000 rw-p 00002000 00:781 707802113                 /nix/store/gpxl5qgg8kicmcvivwmybwjlpf7wh20l-graalvm17-ce-22.3.0/lib/libextnet.so
7f3f18012000-7f3f18013000 rw-p 00004000 00:781 707802113                 /nix/store/gpxl5qgg8kicmcvivwmybwjlpf7wh20l-graalvm17-ce-22.3.0/lib/libextnet.so
7f3f18013000-7f3f1801a000 r-xp 00000000 00:781 707804676                 /nix/store/gpxl5qgg8kicmcvivwmybwjlpf7wh20l-graalvm17-ce-22.3.0/lib/libzip.so
7f3f1801a000-7f3f1801b000 ---p 00007000 00:781 707804676                 /nix/store/gpxl5qgg8kicmcvivwmybwjlpf7wh20l-graalvm17-ce-22.3.0/lib/libzip.so
7f3f1801b000-7f3f1801c000 r--p 00007000 00:781 707804676                 /nix/store/gpxl5qgg8kicmcvivwmybwjlpf7wh20l-graalvm17-ce-22.3.0/lib/libzip.so
7f3f1801c000-7f3f1801d000 rw-p 00008000 00:781 707804676                 /nix/store/gpxl5qgg8kicmcvivwmybwjlpf7wh20l-graalvm17-ce-22.3.0/lib/libzip.so
7f3f1801d000-7f3f1801f000 rw-p 0000b000 00:781 707804676                 /nix/store/gpxl5qgg8kicmcvivwmybwjlpf7wh20l-graalvm17-ce-22.3.0/lib/libzip.so
7f3f1801f000-7f3f18034000 r-xp 00000000 00:781 707804666                 /nix/store/gpxl5qgg8kicmcvivwmybwjlpf7wh20l-graalvm17-ce-22.3.0/lib/libnet.so
7f3f18034000-7f3f18035000 ---p 00015000 00:781 707804666                 /nix/store/gpxl5qgg8kicmcvivwmybwjlpf7wh20l-graalvm17-ce-22.3.0/lib/libnet.so
7f3f18035000-7f3f18036000 r--p 00015000 00:781 707804666                 /nix/store/gpxl5qgg8kicmcvivwmybwjlpf7wh20l-graalvm17-ce-22.3.0/lib/libnet.so
7f3f18036000-7f3f18037000 rw-p 00016000 00:781 707804666                 /nix/store/gpxl5qgg8kicmcvivwmybwjlpf7wh20l-graalvm17-ce-22.3.0/lib/libnet.so
7f3f18037000-7f3f1803a000 rw-p 0001b000 00:781 707804666                 /nix/store/gpxl5qgg8kicmcvivwmybwjlpf7wh20l-graalvm17-ce-22.3.0/lib/libnet.so
7f3f1803a000-7f3f1804d000 r-xp 00000000 00:781 707804667                 /nix/store/gpxl5qgg8kicmcvivwmybwjlpf7wh20l-graalvm17-ce-22.3.0/lib/libnio.so
7f3f1804d000-7f3f1804e000 r--p 00012000 00:781 707804667                 /nix/store/gpxl5qgg8kicmcvivwmybwjlpf7wh20l-graalvm17-ce-22.3.0/lib/libnio.so
7f3f1804e000-7f3f1804f000 rw-p 00013000 00:781 707804667                 /nix/store/gpxl5qgg8kicmcvivwmybwjlpf7wh20l-graalvm17-ce-22.3.0/lib/libnio.so
7f3f1804f000-7f3f18054000 rw-p 00019000 00:781 707804667                 /nix/store/gpxl5qgg8kicmcvivwmybwjlpf7wh20l-graalvm17-ce-22.3.0/lib/libnio.so
7f3f18054000-7f3f18058000 ---p 00000000 00:00 0 
7f3f18058000-7f3f18154000 rw-p 00000000 00:00 0 
7f3f18154000-7f3f18158000 ---p 00000000 00:00 0 
7f3f18158000-7f3f18254000 rw-p 00000000 00:00 0 
7f3f18254000-7f3f18255000 ---p 00000000 00:00 0 
7f3f18255000-7f3f18356000 rw-p 00000000 00:00 0 
7f3f18356000-7f3f18424000 r-xp 00000000 00:781 707802132                 /nix/store/gpxl5qgg8kicmcvivwmybwjlpf7wh20l-graalvm17-ce-22.3.0/lib/libjsvml.so
7f3f18424000-7f3f18425000 r--p 000cd000 00:781 707802132                 /nix/store/gpxl5qgg8kicmcvivwmybwjlpf7wh20l-graalvm17-ce-22.3.0/lib/libjsvml.so
7f3f18425000-7f3f18426000 rw-p 000ce000 00:781 707802132                 /nix/store/gpxl5qgg8kicmcvivwmybwjlpf7wh20l-graalvm17-ce-22.3.0/lib/libjsvml.so
7f3f18426000-7f3f18cfe000 rw-p 00000000 00:00 0 
7f3f18cfe000-7f3f18cff000 ---p 00000000 00:00 0 
7f3f18cff000-7f3f18ea4000 rw-p 00000000 00:00 0 
7f3f18ea4000-7f3f18eca000 rw-p 00000000 00:00 0 
7f3f18eca000-7f3f18f00000 ---p 00000000 00:00 0 
7f3f18f00000-7f3f18f06000 rw-p 00000000 00:00 0 
7f3f18f06000-7f3f18fec000 ---p 00000000 00:00 0 
7f3f18fec000-7f3f19007000 rw-p 00000000 00:00 0 
7f3f19007000-7f3f190d7000 ---p 00000000 00:00 0 
7f3f190d7000-7f3f190dc000 rw-p 00000000 00:00 0 
7f3f190dc000-7f3f190e3000 ---p 00000000 00:00 0 
7f3f190e3000-7f3f19107000 r-xp 00000000 00:781 707802124                 /nix/store/gpxl5qgg8kicmcvivwmybwjlpf7wh20l-graalvm17-ce-22.3.0/lib/libjava.so
7f3f19107000-7f3f19108000 ---p 00024000 00:781 707802124                 /nix/store/gpxl5qgg8kicmcvivwmybwjlpf7wh20l-graalvm17-ce-22.3.0/lib/libjava.so
7f3f19108000-7f3f19109000 r--p 00024000 00:781 707802124                 /nix/store/gpxl5qgg8kicmcvivwmybwjlpf7wh20l-graalvm17-ce-22.3.0/lib/libjava.so
7f3f19109000-7f3f1910a000 rw-p 00025000 00:781 707802124                 /nix/store/gpxl5qgg8kicmcvivwmybwjlpf7wh20l-graalvm17-ce-22.3.0/lib/libjava.so
7f3f1910a000-7f3f1910b000 rw-p 00000000 00:00 0 
7f3f1910b000-7f3f19112000 rw-p 0002f000 00:781 707802124                 /nix/store/gpxl5qgg8kicmcvivwmybwjlpf7wh20l-graalvm17-ce-22.3.0/lib/libjava.so
7f3f19112000-7f3f1911a000 rw-s 00000000 00:44e 382                       /tmp/hsperfdata_runner/28
7f3f1911a000-7f3f1911b000 ---p 00000000 00:00 0 
7f3f1911b000-7f3f1911c000 r--p 00000000 00:00 0 
7f3f1911c000-7f3f1911d000 rwxp 00000000 00:00 0 
7f3f1911d000-7f3f19138000 r-xp 00000000 00:781 707802128                 /nix/store/gpxl5qgg8kicmcvivwmybwjlpf7wh20l-graalvm17-ce-22.3.0/lib/libjimage.so
7f3f19138000-7f3f19139000 ---p 0001b000 00:781 707802128                 /nix/store/gpxl5qgg8kicmcvivwmybwjlpf7wh20l-graalvm17-ce-22.3.0/lib/libjimage.so
7f3f19139000-7f3f1913b000 r--p 0001b000 00:781 707802128                 /nix/store/gpxl5qgg8kicmcvivwmybwjlpf7wh20l-graalvm17-ce-22.3.0/lib/libjimage.so
7f3f1913b000-7f3f1913c000 rw-p 0001d000 00:781 707802128                 /nix/store/gpxl5qgg8kicmcvivwmybwjlpf7wh20l-graalvm17-ce-22.3.0/lib/libjimage.so
7f3f1913c000-7f3f1913d000 rw-p 00024000 00:781 707802128                 /nix/store/gpxl5qgg8kicmcvivwmybwjlpf7wh20l-graalvm17-ce-22.3.0/lib/libjimage.so
7f3f1913d000-7f3f19141000 ---p 00000000 00:00 0 
7f3f19141000-7f3f1923d000 rw-p 00000000 00:00 0 
7f3f1923d000-7f3f1924b000 r--p 00000000 00:781 600592023                 /nix/store/4nlgxhb09sdr51nc9hdm8az5b08vzkgx-glibc-2.35-163/lib/libm.so.6
7f3f1924b000-7f3f192be000 r-xp 0000e000 00:781 600592023                 /nix/store/4nlgxhb09sdr51nc9hdm8az5b08vzkgx-glibc-2.35-163/lib/libm.so.6
7f3f192be000-7f3f1931b000 r--p 00081000 00:781 600592023                 /nix/store/4nlgxhb09sdr51nc9hdm8az5b08vzkgx-glibc-2.35-163/lib/libm.so.6
7f3f1931b000-7f3f1931c000 r--p 000dd000 00:781 600592023                 /nix/store/4nlgxhb09sdr51nc9hdm8az5b08vzkgx-glibc-2.35-163/lib/libm.so.6
7f3f1931c000-7f3f1931d000 rw-p 000de000 00:781 600592023                 /nix/store/4nlgxhb09sdr51nc9hdm8az5b08vzkgx-glibc-2.35-163/lib/libm.so.6
7f3f1931d000-7f3f1931e000 r--p 00000000 00:781 600592042                 /nix/store/4nlgxhb09sdr51nc9hdm8az5b08vzkgx-glibc-2.35-163/lib/librt.so.1
7f3f1931e000-7f3f1931f000 r-xp 00001000 00:781 600592042                 /nix/store/4nlgxhb09sdr51nc9hdm8az5b08vzkgx-glibc-2.35-163/lib/librt.so.1
7f3f1931f000-7f3f19320000 r--p 00002000 00:781 600592042                 /nix/store/4nlgxhb09sdr51nc9hdm8az5b08vzkgx-glibc-2.35-163/lib/librt.so.1
7f3f19320000-7f3f19321000 r--p 00002000 00:781 600592042                 /nix/store/4nlgxhb09sdr51nc9hdm8az5b08vzkgx-glibc-2.35-163/lib/librt.so.1
7f3f19321000-7f3f19322000 rw-p 00003000 00:781 600592042                 /nix/store/4nlgxhb09sdr51nc9hdm8az5b08vzkgx-glibc-2.35-163/lib/librt.so.1
7f3f19322000-7f3f1a435000 r-xp 00000000 00:781 707972962                 /nix/store/gpxl5qgg8kicmcvivwmybwjlpf7wh20l-graalvm17-ce-22.3.0/lib/server/libjvm.so
7f3f1a435000-7f3f1a436000 ---p 01113000 00:781 707972962                 /nix/store/gpxl5qgg8kicmcvivwmybwjlpf7wh20l-graalvm17-ce-22.3.0/lib/server/libjvm.so
7f3f1a436000-7f3f1a4eb000 r--p 01113000 00:781 707972962                 /nix/store/gpxl5qgg8kicmcvivwmybwjlpf7wh20l-graalvm17-ce-22.3.0/lib/server/libjvm.so
7f3f1a4eb000-7f3f1a51f000 rw-p 011c8000 00:781 707972962                 /nix/store/gpxl5qgg8kicmcvivwmybwjlpf7wh20l-graalvm17-ce-22.3.0/lib/server/libjvm.so
7f3f1a51f000-7f3f1a57b000 rw-p 00000000 00:00 0 
7f3f1a57b000-7f3f1a5a3000 r--p 00000000 00:781 600592014                 /nix/store/4nlgxhb09sdr51nc9hdm8az5b08vzkgx-glibc-2.35-163/lib/libc.so.6
7f3f1a5a3000-7f3f1a719000 r-xp 00028000 00:781 600592014                 /nix/store/4nlgxhb09sdr51nc9hdm8az5b08vzkgx-glibc-2.35-163/lib/libc.so.6
7f3f1a719000-7f3f1a771000 r--p 0019e000 00:781 600592014                 /nix/store/4nlgxhb09sdr51nc9hdm8az5b08vzkgx-glibc-2.35-163/lib/libc.so.6
7f3f1a771000-7f3f1a775000 r--p 001f6000 00:781 600592014                 /nix/store/4nlgxhb09sdr51nc9hdm8az5b08vzkgx-glibc-2.35-163/lib/libc.so.6
7f3f1a775000-7f3f1a777000 rw-p 001fa000 00:781 600592014                 /nix/store/4nlgxhb09sdr51nc9hdm8az5b08vzkgx-glibc-2.35-163/lib/libc.so.6
7f3f1a777000-7f3f1a786000 rw-p 00000000 00:00 0 
7f3f1a786000-7f3f1a787000 r--p 00000000 00:781 600592019                 /nix/store/4nlgxhb09sdr51nc9hdm8az5b08vzkgx-glibc-2.35-163/lib/libdl.so.2
7f3f1a787000-7f3f1a788000 r-xp 00001000 00:781 600592019                 /nix/store/4nlgxhb09sdr51nc9hdm8az5b08vzkgx-glibc-2.35-163/lib/libdl.so.2
7f3f1a788000-7f3f1a789000 r--p 00002000 00:781 600592019                 /nix/store/4nlgxhb09sdr51nc9hdm8az5b08vzkgx-glibc-2.35-163/lib/libdl.so.2
7f3f1a789000-7f3f1a78a000 r--p 00002000 00:781 600592019                 /nix/store/4nlgxhb09sdr51nc9hdm8az5b08vzkgx-glibc-2.35-163/lib/libdl.so.2
7f3f1a78a000-7f3f1a78b000 rw-p 00003000 00:781 600592019                 /nix/store/4nlgxhb09sdr51nc9hdm8az5b08vzkgx-glibc-2.35-163/lib/libdl.so.2
7f3f1a78b000-7f3f1a78c000 r--p 00000000 00:781 600592038                 /nix/store/4nlgxhb09sdr51nc9hdm8az5b08vzkgx-glibc-2.35-163/lib/libpthread.so.0
7f3f1a78c000-7f3f1a78d000 r-xp 00001000 00:781 600592038                 /nix/store/4nlgxhb09sdr51nc9hdm8az5b08vzkgx-glibc-2.35-163/lib/libpthread.so.0
7f3f1a78d000-7f3f1a78e000 r--p 00002000 00:781 600592038                 /nix/store/4nlgxhb09sdr51nc9hdm8az5b08vzkgx-glibc-2.35-163/lib/libpthread.so.0
7f3f1a78e000-7f3f1a78f000 r--p 00002000 00:781 600592038                 /nix/store/4nlgxhb09sdr51nc9hdm8az5b08vzkgx-glibc-2.35-163/lib/libpthread.so.0
7f3f1a78f000-7f3f1a790000 rw-p 00003000 00:781 600592038                 /nix/store/4nlgxhb09sdr51nc9hdm8az5b08vzkgx-glibc-2.35-163/lib/libpthread.so.0
7f3f1a790000-7f3f1a79e000 r-xp 00000000 00:781 707802129                 /nix/store/gpxl5qgg8kicmcvivwmybwjlpf7wh20l-graalvm17-ce-22.3.0/lib/libjli.so
7f3f1a79e000-7f3f1a79f000 ---p 0000e000 00:781 707802129                 /nix/store/gpxl5qgg8kicmcvivwmybwjlpf7wh20l-graalvm17-ce-22.3.0/lib/libjli.so
7f3f1a79f000-7f3f1a7a0000 r--p 0000e000 00:781 707802129                 /nix/store/gpxl5qgg8kicmcvivwmybwjlpf7wh20l-graalvm17-ce-22.3.0/lib/libjli.so
7f3f1a7a0000-7f3f1a7a1000 rw-p 0000f000 00:781 707802129                 /nix/store/gpxl5qgg8kicmcvivwmybwjlpf7wh20l-graalvm17-ce-22.3.0/lib/libjli.so
7f3f1a7a1000-7f3f1a7a2000 rw-p 00012000 00:781 707802129                 /nix/store/gpxl5qgg8kicmcvivwmybwjlpf7wh20l-graalvm17-ce-22.3.0/lib/libjli.so
7f3f1a7a2000-7f3f1a7a5000 r--p 00000000 00:781 678822167                 /nix/store/026hln0aq1hyshaxsdvhg0kmcm6yf45r-zlib-1.2.13/lib/libz.so.1.2.13
7f3f1a7a5000-7f3f1a7b7000 r-xp 00003000 00:781 678822167                 /nix/store/026hln0aq1hyshaxsdvhg0kmcm6yf45r-zlib-1.2.13/lib/libz.so.1.2.13
7f3f1a7b7000-7f3f1a7be000 r--p 00015000 00:781 678822167                 /nix/store/026hln0aq1hyshaxsdvhg0kmcm6yf45r-zlib-1.2.13/lib/libz.so.1.2.13
7f3f1a7be000-7f3f1a7bf000 r--p 0001b000 00:781 678822167                 /nix/store/026hln0aq1hyshaxsdvhg0kmcm6yf45r-zlib-1.2.13/lib/libz.so.1.2.13
7f3f1a7bf000-7f3f1a7c0000 rw-p 0001c000 00:781 678822167                 /nix/store/026hln0aq1hyshaxsdvhg0kmcm6yf45r-zlib-1.2.13/lib/libz.so.1.2.13
7f3f1a7c0000-7f3f1a7c2000 rw-p 00000000 00:00 0 
7f3f1a7c2000-7f3f1a7c4000 r--p 00000000 00:781 600592008                 /nix/store/4nlgxhb09sdr51nc9hdm8az5b08vzkgx-glibc-2.35-163/lib/ld-linux-x86-64.so.2
7f3f1a7c4000-7f3f1a7eb000 r-xp 00002000 00:781 600592008                 /nix/store/4nlgxhb09sdr51nc9hdm8az5b08vzkgx-glibc-2.35-163/lib/ld-linux-x86-64.so.2
7f3f1a7eb000-7f3f1a7f7000 r--p 00029000 00:781 600592008                 /nix/store/4nlgxhb09sdr51nc9hdm8az5b08vzkgx-glibc-2.35-163/lib/ld-linux-x86-64.so.2
7f3f1a7f7000-7f3f1a7f9000 r--p 00034000 00:781 600592008                 /nix/store/4nlgxhb09sdr51nc9hdm8az5b08vzkgx-glibc-2.35-163/lib/ld-linux-x86-64.so.2
7f3f1a7f9000-7f3f1a7fb000 rw-p 00036000 00:781 600592008                 /nix/store/4nlgxhb09sdr51nc9hdm8az5b08vzkgx-glibc-2.35-163/lib/ld-linux-x86-64.so.2
7ffd8a510000-7ffd8a534000 rw-p 00000000 00:00 0                          [stack]
7ffd8a5ac000-7ffd8a5b0000 r--p 00000000 00:00 0                          [vvar]
7ffd8a5b0000-7ffd8a5b2000 r-xp 00000000 00:00 0                          [vdso]
ffffffffff600000-ffffffffff601000 --xp 00000000 00:00 0                  [vsyscall]


VM Arguments:
jvm_args: -XX:ThreadPriorityPolicy=1 -XX:+UnlockExperimentalVMOptions -XX:+EnableJVMCIProduct -XX:JVMCIThreadsPerNativeLibraryRuntime=1 -XX:-UnlockExperimentalVMOptions -Declipse.application=org.eclipse.jdt.ls.core.id1 -Dosgi.bundles.defaultStartLevel=4 -Declipse.product=org.eclipse.jdt.ls.core.product -Dlog.level=ALL -Xverify:none -XX:+UseParallelGC -XX:GCTimeRatio=4 -XX:AdaptiveSizePolicyWeight=90 -Dsun.zip.disableMemoryMapping=true -Xmx512m -Xms100m 
java_command: /nix/store/a7s9klvriqi68xz3qjc0qyfl5h86xc16-jdt-language-server-1.9.0/share/java/plugins/org.eclipse.equinox.launcher_1.6.400.v20210924-0641.jar --add-modules=ALL-SYSTEM --add-opens java.base/java.util=ALL-UNNAMED --add-opens java.base/java.lang=ALL-UNNAMED -configuration /home/runner/final-project-apcsa-ryan-wu/.cache/jdt-language-server/config -data /home/runner/final-project-apcsa-ryan-wu/.cache/jdt-language-server/data/home/runner/final-project-apcsa-ryan-wu
java_class_path (initial): /nix/store/a7s9klvriqi68xz3qjc0qyfl5h86xc16-jdt-language-server-1.9.0/share/java/plugins/org.eclipse.equinox.launcher_1.6.400.v20210924-0641.jar
Launcher Type: SUN_STANDARD

[Global flags]
    uintx AdaptiveSizePolicyWeight                 = 90                                        {product} {command line}
     intx CICompilerCount                          = 2                                         {product} {ergonomic}
     bool EnableJVMCIProduct                       = true                                {JVMCI product} {jimage}
    uintx GCTimeRatio                              = 4                                         {product} {command line}
   size_t InitialHeapSize                          = 104857600                                 {product} {command line}
     uint JVMCIThreadsPerNativeLibraryRuntime      = 1                                   {JVMCI product} {jimage}
   size_t MaxHeapSize                              = 536870912                                 {product} {command line}
   size_t MaxNewSize                               = 178782208                                 {product} {ergonomic}
   size_t MinHeapDeltaBytes                        = 524288                                    {product} {ergonomic}
   size_t MinHeapSize                              = 104857600                                 {product} {command line}
   size_t NewSize                                  = 34603008                                  {product} {ergonomic}
    uintx NonNMethodCodeHeapSize                   = 5826188                                {pd product} {ergonomic}
    uintx NonProfiledCodeHeapSize                  = 122916026                              {pd product} {ergonomic}
   size_t OldSize                                  = 70254592                                  {product} {ergonomic}
    uintx ProfiledCodeHeapSize                     = 122916026                              {pd product} {ergonomic}
    uintx ReservedCodeCacheSize                    = 251658240                              {pd product} {ergonomic}
     bool SegmentedCodeCache                       = true                                      {product} {ergonomic}
   size_t SoftMaxHeapSize                          = 536870912                              {manageable} {ergonomic}
     intx ThreadPriorityPolicy                     = 1                                         {product} {jimage}
     bool UseCompressedClassPointers               = true                           {product lp64_product} {ergonomic}
     bool UseCompressedOops                        = true                           {product lp64_product} {ergonomic}
     bool UseParallelGC                            = true                                      {product} {command line}

Logging:
Log output configuration:
 #0: stdout all=warning uptime,level,tags
 #1: stderr all=off uptime,level,tags

Environment Variables:
JAVA_HOME=/nix/store/gpxl5qgg8kicmcvivwmybwjlpf7wh20l-graalvm17-ce-22.3.0
PATH=/nix/store/1d6ian3r8kdzspw8hacjhl3xkp40g1lj-binutils-wrapper-2.39/bin:/nix/store/dq0xwmsk1g0i2ayg6pb7y87na2knzylh-gcc-wrapper-11.3.0/bin:/nix/store/bap4d0lpcrhpwmpb8ayjcgkmvfj62lnq-bash-interactive-5.1-p16/bin:/nix/store/pr5n59mb4jzmfx6kanwxly0l07p861fg-patchelf-0.15.0/bin:/nix/store/1gf2flfqnpqbr1b4p4qz2f72y42bs56r-gcc-11.3.0/bin:/nix/store/57xv61c5zi8pphjbcwxxjlgc34p61ic9-glibc-2.35-163-bin/bin:/nix/store/a7gvj343m05j2s32xcnwr35v31ynlypr-coreutils-9.1/bin:/nix/store/039g378vc3pc3dvi9dzdlrd0i4q93qwf-binutils-2.39/bin:/nix/store/gpxl5qgg8kicmcvivwmybwjlpf7wh20l-graalvm17-ce-22.3.0/bin:/nix/store/6z9ag3ihc8mq2hzsw48lhbznvzny65nz-apache-maven-3.8.6/bin:/nix/store/a7s9klvriqi68xz3qjc0qyfl5h86xc16-jdt-language-server-1.9.0/bin:/nix/store/48ifl2w60a3zp7yskbpnvn8jp9jdsb7k-java-debug/bin:/nix/store/mydc6f4k2z73xlcz7ilif3v2lcaiqvza-findutils-4.9.0/bin:/nix/store/j9p3g8472iijd50vhdprx0nmk2fqn5gv-diffutils-3.8/bin:/nix/store/89zs7rms6x00xfq4dq6m7mjnhkr8a6r4-gnused-4.8/bin:/nix/store/86bp03jkmsl6f92w0yzg4s59g5mhxwmy-gnugrep-3.7/bin:/nix/store/hwcdqw4jrjnd37wxqgsd47hd0j8bnj09-gawk-5.1.1/bin:/nix/store/cfbhw8r8ags41vwqaz47r583d0p4h4a1-gnutar-1.34/bin:/nix/store/p3m1ndl1lapwrlh698bnb5lvvxh67378-gzip-1.12/bin:/nix/store/a8mhcagrsly7c7mpjrpsnaahk4aax056-bzip2-1.0.8-bin/bin:/nix/store/mblgz65m3zv9x548a3d5m96fj2pbwr09-gnumake-4.3/bin:/nix/store/dsd5gz46hdbdk2rfdimqddhq6m8m8fqs-bash-5.1-p16/bin:/nix/store/v7ljksji50mg3w61dykaa3n3y79n6nil-patch-2.7.6/bin:/nix/store/zlcnmqq14jz5x9439jf937mvayyl63da-xz-5.2.7-bin/bin:/nix/store/y6aj732zm9m87c82fpvf103a1xb22blp-file-5.43/bin:/nix/store/yq0vlv3d2f5si3ibawpq5ay2pc6knixp-nix-2.18.0pre20230808_c0e6466/bin:/nix/store/i4kzir3m7mrisxmf5xvlnkw01x4qaqr4-prybar-elisp-0.0.0-e0d9a52/bin:/nix/store/lwwivxf6h7x3cvxp9zv8sj0mv7dak99r-prybar-lua-0.0.0-e0d9a52/bin:/nix/store/gxj28g1cg4hq3qanmjv07156h800qr58-prybar-python3-0.0.0-e0d9a52/bin:/nix/store/hshkjnxrgidigf8x75vg6lqng2xlx9i3-prybar-sqlite-0.0.0-e0d9a52/bin:/nix/store/c4w01bpjgyy5ixmwdk8m1pw87zq4sl
LD_LIBRARY_PATH=/nix/store/a4pff549sk2idnkpzk5nsfps3mdkdnvm-cups-2.4.2-lib/lib:/nix/store/72mqxxhh3cy5yifh92wh2yb8cl2hikyy-cairo-1.16.0/lib:/nix/store/2k366jrbsra97gjfxwvrhvixjfxdach5-glib-2.74.1/lib:/nix/store/2j2znigd8ak37rlwh9khz0ry3clqlw1l-gtk+3-3.24.34/lib:/nix/store/hisqvx32cd57apbpcsnkpx6k3549wql1-libglvnd-1.4.0/lib:/nix/store/p36pgcv991mq5srvg765b78yqpxvk3qs-mesa-21.3.3-drivers/lib:/nix/store/mav4251if1ahjq5vkpwycyyvnmy459c4-pulseaudio-14.2/lib
DISPLAY=:0
LANG=en_US.UTF-8

Signal Handlers:
   SIGSEGV: crash_handler in libjvm.so, mask=11100100010111111101111111111110, flags=SA_RESTART|SA_SIGINFO
    SIGBUS: crash_handler in libjvm.so, mask=11100100010111111101111111111110, flags=SA_RESTART|SA_SIGINFO
    SIGFPE: crash_handler in libjvm.so, mask=11100100010111111101111111111110, flags=SA_RESTART|SA_SIGINFO
   SIGPIPE: IsolateEnterStub_IgnoreSIGPIPEStartupHook_noopSignalHandler_8f19bff2f35b5f630d83b364d6b2339320d4ec70_216e8361c6bc87a8f89f58cc10d3b2fd4415bf87 in libjvmcicompiler.so, mask=00000000000000000000000000000000, flags=SA_RESTART
  *** Handler was modified!
  *** Expected: javaSignalHandler in libjvm.so, mask=11100100110111111111111111111110, flags=SA_RESTART|SA_SIGINFO
   SIGXFSZ: javaSignalHandler in libjvm.so, mask=11100100010111111101111111111110, flags=SA_RESTART|SA_SIGINFO
    SIGILL: crash_handler in libjvm.so, mask=11100100010111111101111111111110, flags=SA_RESTART|SA_SIGINFO
   SIGUSR2: SR_handler in libjvm.so, mask=00000000000000000000000000000000, flags=SA_RESTART|SA_SIGINFO
    SIGHUP: UserHandler in libjvm.so, mask=11100100010111111101111111111110, flags=SA_RESTART|SA_SIGINFO
    SIGINT: UserHandler in libjvm.so, mask=11100100010111111101111111111110, flags=SA_RESTART|SA_SIGINFO
   SIGTERM: UserHandler in libjvm.so, mask=11100100010111111101111111111110, flags=SA_RESTART|SA_SIGINFO
   SIGQUIT: UserHandler in libjvm.so, mask=11100100010111111101111111111110, flags=SA_RESTART|SA_SIGINFO
  *** Handler was modified!
  *** Expected: javaSignalHandler in libjvm.so, mask=11100100110111111111111111111110, flags=SA_RESTART|SA_SIGINFO
   SIGTRAP: crash_handler in libjvm.so, mask=11100100010111111101111111111110, flags=SA_RESTART|SA_SIGINFO


---------------  S Y S T E M  ---------------

OS:
DISTRIB_ID=Ubuntu
DISTRIB_RELEASE=20.04
DISTRIB_CODENAME=focal
DISTRIB_DESCRIPTION="Ubuntu 20.04.2 LTS"
uname: Linux 6.2.0-1019-gcp #21~22.04.1-Ubuntu SMP Thu Nov 16 18:18:34 UTC 2023 x86_64
OS uptime: 1 days 0:55 hours
libc: glibc 2.35 NPTL 2.35 
rlimit (soft/hard): STACK 8192k/infinity , CORE infinity/infinity , NPROC infinity/infinity , NOFILE 5242/5242 , AS infinity/infinity , CPU infinity/infinity , DATA infinity/infinity , FSIZE infinity/infinity , MEMLOCK 8192k/8192k
load average: 7.81 10.08 11.28

/proc/meminfo:
MemTotal:       65835928 kB
MemFree:        35421056 kB
MemAvailable:   46243964 kB
Buffers:         1898432 kB
Cached:          8134104 kB
SwapCached:            0 kB
Active:          6317988 kB
Inactive:       21880256 kB
Active(anon):       6112 kB
Inactive(anon): 17745048 kB
Active(file):    6311876 kB
Inactive(file):  4135208 kB
Unevictable:       29856 kB
Mlocked:           29856 kB
SwapTotal:             0 kB
SwapFree:              0 kB
Zswap:                 0 kB
Zswapped:              0 kB
Dirty:              6376 kB
Writeback:             0 kB
AnonPages:      17641012 kB
Mapped:          1680588 kB
Shmem:             20656 kB
KReclaimable:    1102276 kB
Slab:            1554540 kB
SReclaimable:    1102276 kB
SUnreclaim:       452264 kB
KernelStack:       95548 kB
PageTables:       235744 kB
SecPageTables:         0 kB
NFS_Unstable:          0 kB
Bounce:                0 kB
WritebackTmp:          0 kB
CommitLimit:    32917964 kB
Committed_AS:   39800448 kB
VmallocTotal:   34359738367 kB
VmallocUsed:      121292 kB
VmallocChunk:          0 kB
Percpu:            33152 kB
HardwareCorrupted:     0 kB
AnonHugePages:   2093056 kB
ShmemHugePages:        0 kB
ShmemPmdMapped:        0 kB
FileHugePages:         0 kB
FilePmdMapped:         0 kB
HugePages_Total:       0
HugePages_Free:        0
HugePages_Rsvd:        0
HugePages_Surp:        0
Hugepagesize:       2048 kB
Hugetlb:               0 kB
DirectMap4k:      238392 kB
DirectMap2M:    28069888 kB
DirectMap1G:    40894464 kB

/sys/kernel/mm/transparent_hugepage/enabled: always [madvise] never
/sys/kernel/mm/transparent_hugepage/defrag (defrag/compaction efforts parameter): always defer defer+madvise [madvise] never

Process Memory:
Virtual Size: 4648572K (peak: 4737852K)
Resident Set Size: 747088K (peak: 783800K) (anon: 549372K, file: 197716K, shmem: 0K)
Swapped out: 0K
C-Heap outstanding allocations: 39915K, retained: 13592K
glibc malloc tunables: (default)

/proc/sys/kernel/threads-max (system-wide limit on the number of threads): 514278
/proc/sys/vm/max_map_count (maximum number of memory map areas a process may have): 65530
/proc/sys/kernel/pid_max (system-wide limit on number of process identifiers): 4194304

container (cgroup) information:
container_type: cgroupv2
cpu_cpuset_cpus: not supported
cpu_memory_nodes: not supported
active_processor_count: 1
cpu_quota: 50000
cpu_period: 100000
cpu_shares: no shares
memory_limit_in_bytes: 1048576 k
memory_and_swap_limit_in_bytes: unlimited
memory_soft_limit_in_bytes: 524288 k
memory_usage_in_bytes: 590904 k
memory_max_usage_in_bytes: not supported
maximum number of tasks: not supported
current number of tasks: not supported

KVM virtualization detected
Steal ticks since vm start: 939
Steal ticks percentage since vm start:  0.002

CPU: total 8 (initial active 1) (8 cores per cpu, 2 threads per core) family 23 model 49 stepping 0 microcode 0xffffffff, cx8, cmov, fxsr, ht, mmx, 3dnowpref, sse, sse2, sse3, ssse3, sse4a, sse4.1, sse4.2, popcnt, lzcnt, tsc, tscinvbit, avx, avx2, aes, clmul, bmi1, bmi2, adx, sha, fma, vzeroupper, clflush, clflushopt, hv
CPU Model and flags from /proc/cpuinfo:
model name	: AMD EPYC 7B12
flags		: fpu vme de pse tsc msr pae mce cx8 apic sep mtrr pge mca cmov pat pse36 clflush mmx fxsr sse sse2 ht syscall nx mmxext fxsr_opt pdpe1gb rdtscp lm constant_tsc rep_good nopl nonstop_tsc cpuid extd_apicid tsc_known_freq pni pclmulqdq ssse3 fma cx16 sse4_1 sse4_2 movbe popcnt aes xsave avx f16c rdrand hypervisor lahf_lm cmp_legacy cr8_legacy abm sse4a misalignsse 3dnowprefetch osvw topoext ssbd ibrs ibpb stibp vmmcall fsgsbase tsc_adjust bmi1 avx2 smep bmi2 rdseed adx smap clflushopt clwb sha_ni xsaveopt xsavec xgetbv1 clzero xsaveerptr arat npt nrip_save umip rdpid

Online cpus: 0-7
Offline cpus: 
BIOS frequency limitation: <Not Available>
Frequency switch latency (ns): <Not Available>
Available cpu frequencies: <Not Available>
Current governor: <Not Available>
Core performance/turbo boost: <Not Available>

Memory: 4k page, physical 1048576k(457672k free), swap 0k(0k free)
Page Sizes: 4k

vm_info: OpenJDK 64-Bit Server VM (17.0.5+8-jvmci-22.3-b08) for linux-amd64 JRE (17.0.5+8-jvmci-22.3-b08), built on Oct 19 2022 09:01:27 by "buildslave" with gcc 10.3.0

END.
